running develop
running egg_info
creating mediapipe_pose_ros2.egg-info
writing mediapipe_pose_ros2.egg-info/PKG-INFO
writing dependency_links to mediapipe_pose_ros2.egg-info/dependency_links.txt
writing entry points to mediapipe_pose_ros2.egg-info/entry_points.txt
writing requirements to mediapipe_pose_ros2.egg-info/requires.txt
writing top-level names to mediapipe_pose_ros2.egg-info/top_level.txt
writing manifest file 'mediapipe_pose_ros2.egg-info/SOURCES.txt'
reading manifest file 'mediapipe_pose_ros2.egg-info/SOURCES.txt'
writing manifest file 'mediapipe_pose_ros2.egg-info/SOURCES.txt'
running build_ext
Creating /home/jonathanb/ros_cart/install/mediapipe_pose_ros2/lib/python3.10/site-packages/mediapipe-pose-ros2.egg-link (link to .)
Installing pose_node script to /home/jonathanb/ros_cart/install/mediapipe_pose_ros2/lib/mediapipe_pose_ros2

Installed /home/jonathanb/ros_cart/build/mediapipe_pose_ros2
running symlink_data
creating /home/jonathanb/ros_cart/install/mediapipe_pose_ros2/share/ament_index
creating /home/jonathanb/ros_cart/install/mediapipe_pose_ros2/share/ament_index/resource_index
creating /home/jonathanb/ros_cart/install/mediapipe_pose_ros2/share/ament_index/resource_index/packages
symbolically linking /home/jonathanb/ros_cart/build/mediapipe_pose_ros2/resource/mediapipe_pose_ros2 -> /home/jonathanb/ros_cart/install/mediapipe_pose_ros2/share/ament_index/resource_index/packages
symbolically linking /home/jonathanb/ros_cart/build/mediapipe_pose_ros2/package.xml -> /home/jonathanb/ros_cart/install/mediapipe_pose_ros2/share/mediapipe_pose_ros2
