[0.201s] DEBUG:colcon:Command line arguments: ['/usr/bin/colcon', 'build', '--symlink-install']
[0.202s] DEBUG:colcon:Parsed command line arguments: Namespace(log_base=None, log_level=None, verb_name='build', build_base='build', install_base='install', merge_install=False, symlink_install=True, test_result_base=None, continue_on_error=False, executor='parallel', parallel_workers=12, event_handlers=None, ignore_user_meta=False, metas=['./colcon.meta'], base_paths=['.'], packages_ignore=None, packages_ignore_regex=None, paths=None, packages_up_to=None, packages_up_to_regex=None, packages_above=None, packages_above_and_dependencies=None, packages_above_depth=None, packages_select_by_dep=None, packages_skip_by_dep=None, packages_skip_up_to=None, packages_select_build_failed=False, packages_skip_build_finished=False, packages_select_test_failures=False, packages_skip_test_passed=False, packages_select=None, packages_skip=None, packages_select_regex=None, packages_skip_regex=None, packages_start=None, packages_end=None, allow_overriding=[], cmake_args=None, cmake_target=None, cmake_target_skip_unavailable=False, cmake_clean_cache=False, cmake_clean_first=False, cmake_force_configure=False, ament_cmake_args=None, catkin_cmake_args=None, catkin_skip_building_tests=False, verb_parser=<colcon_defaults.argument_parser.defaults.DefaultArgumentsDecorator object at 0x7e69f5ec7a90>, verb_extension=<colcon_core.verb.build.BuildVerb object at 0x7e69f6078820>, main=<bound method BuildVerb.main of <colcon_core.verb.build.BuildVerb object at 0x7e69f6078820>>)
[0.343s] Level 1:colcon.colcon_core.package_discovery:discover_packages(colcon_meta) check parameters
[0.343s] Level 1:colcon.colcon_core.package_discovery:discover_packages(recursive) check parameters
[0.343s] Level 1:colcon.colcon_core.package_discovery:discover_packages(ignore) check parameters
[0.343s] Level 1:colcon.colcon_core.package_discovery:discover_packages(path) check parameters
[0.343s] Level 1:colcon.colcon_core.package_discovery:discover_packages(colcon_meta) discover
[0.343s] Level 1:colcon.colcon_core.package_discovery:discover_packages(recursive) discover
[0.343s] INFO:colcon.colcon_core.package_discovery:Crawling recursively for packages in '/home/jonathanb/ros_cart'
[0.343s] Level 1:colcon.colcon_core.package_identification:_identify(.) by extensions ['ignore', 'ignore_ament_install']
[0.343s] Level 1:colcon.colcon_core.package_identification:_identify(.) by extension 'ignore'
[0.343s] Level 1:colcon.colcon_core.package_identification:_identify(.) by extension 'ignore_ament_install'
[0.343s] Level 1:colcon.colcon_core.package_identification:_identify(.) by extensions ['colcon_pkg']
[0.344s] Level 1:colcon.colcon_core.package_identification:_identify(.) by extension 'colcon_pkg'
[0.344s] Level 1:colcon.colcon_core.package_identification:_identify(.) by extensions ['colcon_meta']
[0.344s] Level 1:colcon.colcon_core.package_identification:_identify(.) by extension 'colcon_meta'
[0.344s] Level 1:colcon.colcon_core.package_identification:_identify(.) by extensions ['ros']
[0.344s] Level 1:colcon.colcon_core.package_identification:_identify(.) by extension 'ros'
[0.352s] Level 1:colcon.colcon_core.package_identification:_identify(.) by extensions ['cmake', 'python']
[0.352s] Level 1:colcon.colcon_core.package_identification:_identify(.) by extension 'cmake'
[0.352s] Level 1:colcon.colcon_core.package_identification:_identify(.) by extension 'python'
[0.352s] Level 1:colcon.colcon_core.package_identification:_identify(.) by extensions ['python_setup_py']
[0.352s] Level 1:colcon.colcon_core.package_identification:_identify(.) by extension 'python_setup_py'
[0.353s] Level 1:colcon.colcon_core.package_identification:_identify(build) by extensions ['ignore', 'ignore_ament_install']
[0.353s] Level 1:colcon.colcon_core.package_identification:_identify(build) by extension 'ignore'
[0.353s] Level 1:colcon.colcon_core.package_identification:_identify(build) ignored
[0.353s] Level 1:colcon.colcon_core.package_identification:_identify(install) by extensions ['ignore', 'ignore_ament_install']
[0.353s] Level 1:colcon.colcon_core.package_identification:_identify(install) by extension 'ignore'
[0.353s] Level 1:colcon.colcon_core.package_identification:_identify(install) ignored
[0.353s] Level 1:colcon.colcon_core.package_identification:_identify(log) by extensions ['ignore', 'ignore_ament_install']
[0.353s] Level 1:colcon.colcon_core.package_identification:_identify(log) by extension 'ignore'
[0.353s] Level 1:colcon.colcon_core.package_identification:_identify(log) ignored
[0.353s] Level 1:colcon.colcon_core.package_identification:_identify(src) by extensions ['ignore', 'ignore_ament_install']
[0.354s] Level 1:colcon.colcon_core.package_identification:_identify(src) by extension 'ignore'
[0.354s] Level 1:colcon.colcon_core.package_identification:_identify(src) by extension 'ignore_ament_install'
[0.354s] Level 1:colcon.colcon_core.package_identification:_identify(src) by extensions ['colcon_pkg']
[0.354s] Level 1:colcon.colcon_core.package_identification:_identify(src) by extension 'colcon_pkg'
[0.354s] Level 1:colcon.colcon_core.package_identification:_identify(src) by extensions ['colcon_meta']
[0.354s] Level 1:colcon.colcon_core.package_identification:_identify(src) by extension 'colcon_meta'
[0.354s] Level 1:colcon.colcon_core.package_identification:_identify(src) by extensions ['ros']
[0.354s] Level 1:colcon.colcon_core.package_identification:_identify(src) by extension 'ros'
[0.354s] Level 1:colcon.colcon_core.package_identification:_identify(src) by extensions ['cmake', 'python']
[0.354s] Level 1:colcon.colcon_core.package_identification:_identify(src) by extension 'cmake'
[0.354s] Level 1:colcon.colcon_core.package_identification:_identify(src) by extension 'python'
[0.354s] Level 1:colcon.colcon_core.package_identification:_identify(src) by extensions ['python_setup_py']
[0.354s] Level 1:colcon.colcon_core.package_identification:_identify(src) by extension 'python_setup_py'
[0.354s] Level 1:colcon.colcon_core.package_identification:_identify(src/mediapipe_cam) by extensions ['ignore', 'ignore_ament_install']
[0.354s] Level 1:colcon.colcon_core.package_identification:_identify(src/mediapipe_cam) by extension 'ignore'
[0.354s] Level 1:colcon.colcon_core.package_identification:_identify(src/mediapipe_cam) by extension 'ignore_ament_install'
[0.354s] Level 1:colcon.colcon_core.package_identification:_identify(src/mediapipe_cam) by extensions ['colcon_pkg']
[0.355s] Level 1:colcon.colcon_core.package_identification:_identify(src/mediapipe_cam) by extension 'colcon_pkg'
[0.355s] Level 1:colcon.colcon_core.package_identification:_identify(src/mediapipe_cam) by extensions ['colcon_meta']
[0.355s] Level 1:colcon.colcon_core.package_identification:_identify(src/mediapipe_cam) by extension 'colcon_meta'
[0.355s] Level 1:colcon.colcon_core.package_identification:_identify(src/mediapipe_cam) by extensions ['ros']
[0.355s] Level 1:colcon.colcon_core.package_identification:_identify(src/mediapipe_cam) by extension 'ros'
[0.357s] DEBUG:colcon.colcon_core.package_identification:Package 'src/mediapipe_cam' with type 'ros.ament_python' and name 'mediapipe_cam'
[0.357s] Level 1:colcon.colcon_core.package_identification:_identify(src/mediapipe_pose_ros2) by extensions ['ignore', 'ignore_ament_install']
[0.357s] Level 1:colcon.colcon_core.package_identification:_identify(src/mediapipe_pose_ros2) by extension 'ignore'
[0.357s] Level 1:colcon.colcon_core.package_identification:_identify(src/mediapipe_pose_ros2) by extension 'ignore_ament_install'
[0.357s] Level 1:colcon.colcon_core.package_identification:_identify(src/mediapipe_pose_ros2) by extensions ['colcon_pkg']
[0.357s] Level 1:colcon.colcon_core.package_identification:_identify(src/mediapipe_pose_ros2) by extension 'colcon_pkg'
[0.357s] Level 1:colcon.colcon_core.package_identification:_identify(src/mediapipe_pose_ros2) by extensions ['colcon_meta']
[0.357s] Level 1:colcon.colcon_core.package_identification:_identify(src/mediapipe_pose_ros2) by extension 'colcon_meta'
[0.357s] Level 1:colcon.colcon_core.package_identification:_identify(src/mediapipe_pose_ros2) by extensions ['ros']
[0.357s] Level 1:colcon.colcon_core.package_identification:_identify(src/mediapipe_pose_ros2) by extension 'ros'
[0.358s] DEBUG:colcon.colcon_core.package_identification:Package 'src/mediapipe_pose_ros2' with type 'ros.ament_python' and name 'mediapipe_pose_ros2'
[0.358s] Level 1:colcon.colcon_core.package_discovery:discover_packages(recursive) using defaults
[0.358s] Level 1:colcon.colcon_core.package_discovery:discover_packages(ignore) discover
[0.358s] Level 1:colcon.colcon_core.package_discovery:discover_packages(ignore) using defaults
[0.358s] Level 1:colcon.colcon_core.package_discovery:discover_packages(path) discover
[0.358s] Level 1:colcon.colcon_core.package_discovery:discover_packages(path) using defaults
[0.373s] Level 1:colcon.colcon_core.package_discovery:discover_packages(prefix_path) check parameters
[0.373s] Level 1:colcon.colcon_core.package_discovery:discover_packages(prefix_path) discover
[0.375s] DEBUG:colcon.colcon_installed_package_information.package_discovery:Found 339 installed packages in /opt/ros/humble
[0.384s] Level 1:colcon.colcon_core.package_discovery:discover_packages(prefix_path) using defaults
[0.417s] Level 5:colcon.colcon_core.verb:set package 'mediapipe_cam' build argument 'cmake_args' from command line to 'None'
[0.417s] Level 5:colcon.colcon_core.verb:set package 'mediapipe_cam' build argument 'cmake_target' from command line to 'None'
[0.417s] Level 5:colcon.colcon_core.verb:set package 'mediapipe_cam' build argument 'cmake_target_skip_unavailable' from command line to 'False'
[0.417s] Level 5:colcon.colcon_core.verb:set package 'mediapipe_cam' build argument 'cmake_clean_cache' from command line to 'False'
[0.417s] Level 5:colcon.colcon_core.verb:set package 'mediapipe_cam' build argument 'cmake_clean_first' from command line to 'False'
[0.417s] Level 5:colcon.colcon_core.verb:set package 'mediapipe_cam' build argument 'cmake_force_configure' from command line to 'False'
[0.417s] Level 5:colcon.colcon_core.verb:set package 'mediapipe_cam' build argument 'ament_cmake_args' from command line to 'None'
[0.417s] Level 5:colcon.colcon_core.verb:set package 'mediapipe_cam' build argument 'catkin_cmake_args' from command line to 'None'
[0.417s] Level 5:colcon.colcon_core.verb:set package 'mediapipe_cam' build argument 'catkin_skip_building_tests' from command line to 'False'
[0.417s] DEBUG:colcon.colcon_core.verb:Building package 'mediapipe_cam' with the following arguments: {'ament_cmake_args': None, 'build_base': '/home/jonathanb/ros_cart/build/mediapipe_cam', 'catkin_cmake_args': None, 'catkin_skip_building_tests': False, 'cmake_args': None, 'cmake_clean_cache': False, 'cmake_clean_first': False, 'cmake_force_configure': False, 'cmake_target': None, 'cmake_target_skip_unavailable': False, 'install_base': '/home/jonathanb/ros_cart/install/mediapipe_cam', 'merge_install': False, 'path': '/home/jonathanb/ros_cart/src/mediapipe_cam', 'symlink_install': True, 'test_result_base': None}
[0.418s] Level 5:colcon.colcon_core.verb:set package 'mediapipe_pose_ros2' build argument 'cmake_args' from command line to 'None'
[0.418s] Level 5:colcon.colcon_core.verb:set package 'mediapipe_pose_ros2' build argument 'cmake_target' from command line to 'None'
[0.418s] Level 5:colcon.colcon_core.verb:set package 'mediapipe_pose_ros2' build argument 'cmake_target_skip_unavailable' from command line to 'False'
[0.418s] Level 5:colcon.colcon_core.verb:set package 'mediapipe_pose_ros2' build argument 'cmake_clean_cache' from command line to 'False'
[0.418s] Level 5:colcon.colcon_core.verb:set package 'mediapipe_pose_ros2' build argument 'cmake_clean_first' from command line to 'False'
[0.418s] Level 5:colcon.colcon_core.verb:set package 'mediapipe_pose_ros2' build argument 'cmake_force_configure' from command line to 'False'
[0.418s] Level 5:colcon.colcon_core.verb:set package 'mediapipe_pose_ros2' build argument 'ament_cmake_args' from command line to 'None'
[0.418s] Level 5:colcon.colcon_core.verb:set package 'mediapipe_pose_ros2' build argument 'catkin_cmake_args' from command line to 'None'
[0.418s] Level 5:colcon.colcon_core.verb:set package 'mediapipe_pose_ros2' build argument 'catkin_skip_building_tests' from command line to 'False'
[0.418s] DEBUG:colcon.colcon_core.verb:Building package 'mediapipe_pose_ros2' with the following arguments: {'ament_cmake_args': None, 'build_base': '/home/jonathanb/ros_cart/build/mediapipe_pose_ros2', 'catkin_cmake_args': None, 'catkin_skip_building_tests': False, 'cmake_args': None, 'cmake_clean_cache': False, 'cmake_clean_first': False, 'cmake_force_configure': False, 'cmake_target': None, 'cmake_target_skip_unavailable': False, 'install_base': '/home/jonathanb/ros_cart/install/mediapipe_pose_ros2', 'merge_install': False, 'path': '/home/jonathanb/ros_cart/src/mediapipe_pose_ros2', 'symlink_install': True, 'test_result_base': None}
[0.418s] INFO:colcon.colcon_core.executor:Executing jobs using 'parallel' executor
[0.419s] DEBUG:colcon.colcon_parallel_executor.executor.parallel:run_until_complete
[0.419s] INFO:colcon.colcon_ros.task.ament_python.build:Building ROS package in '/home/jonathanb/ros_cart/src/mediapipe_cam' with build type 'ament_python'
[0.419s] Level 1:colcon.colcon_core.shell:create_environment_hook('mediapipe_cam', 'ament_prefix_path')
[0.421s] INFO:colcon.colcon_core.plugin_system:Skipping extension 'colcon_core.shell.bat': Not used on non-Windows systems
[0.422s] INFO:colcon.colcon_core.shell:Creating environment hook '/home/jonathanb/ros_cart/install/mediapipe_cam/share/mediapipe_cam/hook/ament_prefix_path.ps1'
[0.422s] INFO:colcon.colcon_core.shell:Creating environment descriptor '/home/jonathanb/ros_cart/install/mediapipe_cam/share/mediapipe_cam/hook/ament_prefix_path.dsv'
[0.423s] INFO:colcon.colcon_core.shell:Creating environment hook '/home/jonathanb/ros_cart/install/mediapipe_cam/share/mediapipe_cam/hook/ament_prefix_path.sh'
[0.423s] INFO:colcon.colcon_core.shell:Skip shell extension 'powershell' for command environment: Not usable outside of PowerShell
[0.423s] DEBUG:colcon.colcon_core.shell:Skip shell extension 'dsv' for command environment
[0.425s] INFO:colcon.colcon_ros.task.ament_python.build:Building ROS package in '/home/jonathanb/ros_cart/src/mediapipe_pose_ros2' with build type 'ament_python'
[0.426s] Level 1:colcon.colcon_core.shell:create_environment_hook('mediapipe_pose_ros2', 'ament_prefix_path')
[0.427s] INFO:colcon.colcon_core.shell:Creating environment hook '/home/jonathanb/ros_cart/install/mediapipe_pose_ros2/share/mediapipe_pose_ros2/hook/ament_prefix_path.ps1'
[0.427s] INFO:colcon.colcon_core.shell:Creating environment descriptor '/home/jonathanb/ros_cart/install/mediapipe_pose_ros2/share/mediapipe_pose_ros2/hook/ament_prefix_path.dsv'
[0.428s] INFO:colcon.colcon_core.shell:Creating environment hook '/home/jonathanb/ros_cart/install/mediapipe_pose_ros2/share/mediapipe_pose_ros2/hook/ament_prefix_path.sh'
[0.429s] INFO:colcon.colcon_core.shell:Skip shell extension 'powershell' for command environment: Not usable outside of PowerShell
[0.429s] DEBUG:colcon.colcon_core.shell:Skip shell extension 'dsv' for command environment
[0.655s] INFO:colcon.colcon_core.task.python.build:Building Python package in '/home/jonathanb/ros_cart/src/mediapipe_cam'
[0.655s] INFO:colcon.colcon_core.shell:Skip shell extension 'powershell' for command environment: Not usable outside of PowerShell
[0.656s] DEBUG:colcon.colcon_core.shell:Skip shell extension 'dsv' for command environment
[0.884s] INFO:colcon.colcon_core.task.python.build:Building Python package in '/home/jonathanb/ros_cart/src/mediapipe_pose_ros2'
[0.885s] INFO:colcon.colcon_core.shell:Skip shell extension 'powershell' for command environment: Not usable outside of PowerShell
[0.885s] DEBUG:colcon.colcon_core.shell:Skip shell extension 'dsv' for command environment
[1.237s] DEBUG:colcon.colcon_core.event_handler.log_command:Invoking command in '/home/jonathanb/ros_cart/build/mediapipe_pose_ros2': PYTHONPATH=/home/jonathanb/ros_cart/build/mediapipe_pose_ros2/prefix_override:/usr/lib/python3/dist-packages/colcon_core/task/python/colcon_distutils_commands:/home/jonathanb/ros_cart/install/mediapipe_pose_ros2/lib/python3.10/site-packages:${PYTHONPATH} /usr/bin/python3 -W ignore:setup.py install is deprecated -W ignore:easy_install command is deprecated setup.py develop --editable --build-directory /home/jonathanb/ros_cart/build/mediapipe_pose_ros2/build --no-deps symlink_data
[1.240s] DEBUG:colcon.colcon_core.event_handler.log_command:Invoking command in '/home/jonathanb/ros_cart/build/mediapipe_cam': PYTHONPATH=/home/jonathanb/ros_cart/build/mediapipe_cam/prefix_override:/usr/lib/python3/dist-packages/colcon_core/task/python/colcon_distutils_commands:/home/jonathanb/ros_cart/install/mediapipe_cam/lib/python3.10/site-packages:${PYTHONPATH} /usr/bin/python3 -W ignore:setup.py install is deprecated -W ignore:easy_install command is deprecated setup.py develop --editable --build-directory /home/jonathanb/ros_cart/build/mediapipe_cam/build --no-deps symlink_data
[1.649s] Level 1:colcon.colcon_core.shell:create_environment_hook('mediapipe_pose_ros2', 'pythonpath_develop')
[1.649s] INFO:colcon.colcon_core.shell:Creating environment hook '/home/jonathanb/ros_cart/build/mediapipe_pose_ros2/share/mediapipe_pose_ros2/hook/pythonpath_develop.ps1'
[1.650s] DEBUG:colcon.colcon_core.event_handler.log_command:Invoked command in '/home/jonathanb/ros_cart/build/mediapipe_pose_ros2' returned '0': PYTHONPATH=/home/jonathanb/ros_cart/build/mediapipe_pose_ros2/prefix_override:/usr/lib/python3/dist-packages/colcon_core/task/python/colcon_distutils_commands:/home/jonathanb/ros_cart/install/mediapipe_pose_ros2/lib/python3.10/site-packages:${PYTHONPATH} /usr/bin/python3 -W ignore:setup.py install is deprecated -W ignore:easy_install command is deprecated setup.py develop --editable --build-directory /home/jonathanb/ros_cart/build/mediapipe_pose_ros2/build --no-deps symlink_data
[1.650s] INFO:colcon.colcon_core.shell:Creating environment descriptor '/home/jonathanb/ros_cart/build/mediapipe_pose_ros2/share/mediapipe_pose_ros2/hook/pythonpath_develop.dsv'
[1.650s] INFO:colcon.colcon_core.shell:Creating environment hook '/home/jonathanb/ros_cart/build/mediapipe_pose_ros2/share/mediapipe_pose_ros2/hook/pythonpath_develop.sh'
[1.653s] Level 1:colcon.colcon_core.environment:checking '/home/jonathanb/ros_cart/install/mediapipe_pose_ros2' for CMake module files
[1.653s] Level 1:colcon.colcon_core.environment:checking '/home/jonathanb/ros_cart/install/mediapipe_pose_ros2' for CMake config files
[1.654s] Level 1:colcon.colcon_core.environment:checking '/home/jonathanb/ros_cart/install/mediapipe_pose_ros2/lib'
[1.654s] Level 1:colcon.colcon_core.environment:checking '/home/jonathanb/ros_cart/install/mediapipe_pose_ros2/bin'
[1.654s] Level 1:colcon.colcon_core.environment:checking '/home/jonathanb/ros_cart/install/mediapipe_pose_ros2/lib/pkgconfig/mediapipe_pose_ros2.pc'
[1.654s] Level 1:colcon.colcon_core.environment:checking '/home/jonathanb/ros_cart/install/mediapipe_pose_ros2/lib/python3.10/site-packages'
[1.654s] Level 1:colcon.colcon_core.shell:create_environment_hook('mediapipe_pose_ros2', 'pythonpath')
[1.655s] INFO:colcon.colcon_core.shell:Creating environment hook '/home/jonathanb/ros_cart/install/mediapipe_pose_ros2/share/mediapipe_pose_ros2/hook/pythonpath.ps1'
[1.655s] INFO:colcon.colcon_core.shell:Creating environment descriptor '/home/jonathanb/ros_cart/install/mediapipe_pose_ros2/share/mediapipe_pose_ros2/hook/pythonpath.dsv'
[1.655s] INFO:colcon.colcon_core.shell:Creating environment hook '/home/jonathanb/ros_cart/install/mediapipe_pose_ros2/share/mediapipe_pose_ros2/hook/pythonpath.sh'
[1.656s] Level 1:colcon.colcon_core.environment:checking '/home/jonathanb/ros_cart/install/mediapipe_pose_ros2/bin'
[1.656s] Level 1:colcon.colcon_core.environment:create_environment_scripts_only(mediapipe_pose_ros2)
[1.656s] INFO:colcon.colcon_core.shell:Creating package script '/home/jonathanb/ros_cart/install/mediapipe_pose_ros2/share/mediapipe_pose_ros2/package.ps1'
[1.657s] INFO:colcon.colcon_core.shell:Creating package descriptor '/home/jonathanb/ros_cart/install/mediapipe_pose_ros2/share/mediapipe_pose_ros2/package.dsv'
[1.658s] INFO:colcon.colcon_core.shell:Creating package script '/home/jonathanb/ros_cart/install/mediapipe_pose_ros2/share/mediapipe_pose_ros2/package.sh'
[1.658s] INFO:colcon.colcon_core.shell:Creating package script '/home/jonathanb/ros_cart/install/mediapipe_pose_ros2/share/mediapipe_pose_ros2/package.bash'
[1.659s] INFO:colcon.colcon_core.shell:Creating package script '/home/jonathanb/ros_cart/install/mediapipe_pose_ros2/share/mediapipe_pose_ros2/package.zsh'
[1.660s] Level 1:colcon.colcon_core.environment:create_file_with_runtime_dependencies(/home/jonathanb/ros_cart/install/mediapipe_pose_ros2/share/colcon-core/packages/mediapipe_pose_ros2)
[1.661s] Level 1:colcon.colcon_core.shell:create_environment_hook('mediapipe_cam', 'pythonpath_develop')
[1.661s] INFO:colcon.colcon_core.shell:Creating environment hook '/home/jonathanb/ros_cart/build/mediapipe_cam/share/mediapipe_cam/hook/pythonpath_develop.ps1'
[1.662s] DEBUG:colcon.colcon_core.event_handler.log_command:Invoked command in '/home/jonathanb/ros_cart/build/mediapipe_cam' returned '0': PYTHONPATH=/home/jonathanb/ros_cart/build/mediapipe_cam/prefix_override:/usr/lib/python3/dist-packages/colcon_core/task/python/colcon_distutils_commands:/home/jonathanb/ros_cart/install/mediapipe_cam/lib/python3.10/site-packages:${PYTHONPATH} /usr/bin/python3 -W ignore:setup.py install is deprecated -W ignore:easy_install command is deprecated setup.py develop --editable --build-directory /home/jonathanb/ros_cart/build/mediapipe_cam/build --no-deps symlink_data
[1.662s] INFO:colcon.colcon_core.shell:Creating environment descriptor '/home/jonathanb/ros_cart/build/mediapipe_cam/share/mediapipe_cam/hook/pythonpath_develop.dsv'
[1.663s] INFO:colcon.colcon_core.shell:Creating environment hook '/home/jonathanb/ros_cart/build/mediapipe_cam/share/mediapipe_cam/hook/pythonpath_develop.sh'
[1.663s] Level 1:colcon.colcon_core.environment:checking '/home/jonathanb/ros_cart/install/mediapipe_cam' for CMake module files
[1.664s] Level 1:colcon.colcon_core.environment:checking '/home/jonathanb/ros_cart/install/mediapipe_cam' for CMake config files
[1.664s] Level 1:colcon.colcon_core.environment:checking '/home/jonathanb/ros_cart/install/mediapipe_cam/lib'
[1.664s] Level 1:colcon.colcon_core.environment:checking '/home/jonathanb/ros_cart/install/mediapipe_cam/bin'
[1.664s] Level 1:colcon.colcon_core.environment:checking '/home/jonathanb/ros_cart/install/mediapipe_cam/lib/pkgconfig/mediapipe_cam.pc'
[1.665s] Level 1:colcon.colcon_core.environment:checking '/home/jonathanb/ros_cart/install/mediapipe_cam/lib/python3.10/site-packages'
[1.665s] Level 1:colcon.colcon_core.shell:create_environment_hook('mediapipe_cam', 'pythonpath')
[1.665s] INFO:colcon.colcon_core.shell:Creating environment hook '/home/jonathanb/ros_cart/install/mediapipe_cam/share/mediapipe_cam/hook/pythonpath.ps1'
[1.665s] INFO:colcon.colcon_core.shell:Creating environment descriptor '/home/jonathanb/ros_cart/install/mediapipe_cam/share/mediapipe_cam/hook/pythonpath.dsv'
[1.666s] INFO:colcon.colcon_core.shell:Creating environment hook '/home/jonathanb/ros_cart/install/mediapipe_cam/share/mediapipe_cam/hook/pythonpath.sh'
[1.666s] Level 1:colcon.colcon_core.environment:checking '/home/jonathanb/ros_cart/install/mediapipe_cam/bin'
[1.666s] Level 1:colcon.colcon_core.environment:create_environment_scripts_only(mediapipe_cam)
[1.667s] INFO:colcon.colcon_core.shell:Creating package script '/home/jonathanb/ros_cart/install/mediapipe_cam/share/mediapipe_cam/package.ps1'
[1.667s] INFO:colcon.colcon_core.shell:Creating package descriptor '/home/jonathanb/ros_cart/install/mediapipe_cam/share/mediapipe_cam/package.dsv'
[1.668s] INFO:colcon.colcon_core.shell:Creating package script '/home/jonathanb/ros_cart/install/mediapipe_cam/share/mediapipe_cam/package.sh'
[1.668s] INFO:colcon.colcon_core.shell:Creating package script '/home/jonathanb/ros_cart/install/mediapipe_cam/share/mediapipe_cam/package.bash'
[1.669s] INFO:colcon.colcon_core.shell:Creating package script '/home/jonathanb/ros_cart/install/mediapipe_cam/share/mediapipe_cam/package.zsh'
[1.669s] Level 1:colcon.colcon_core.environment:create_file_with_runtime_dependencies(/home/jonathanb/ros_cart/install/mediapipe_cam/share/colcon-core/packages/mediapipe_cam)
[1.670s] DEBUG:colcon.colcon_parallel_executor.executor.parallel:closing loop
[1.670s] DEBUG:colcon.colcon_parallel_executor.executor.parallel:loop closed
[1.670s] DEBUG:colcon.colcon_parallel_executor.executor.parallel:run_until_complete finished with '0'
[1.671s] DEBUG:colcon.colcon_core.event_reactor:joining thread
[1.720s] INFO:colcon.colcon_core.plugin_system:Skipping extension 'colcon_notification.desktop_notification.notify_send': Could not find 'notify-send'
[1.720s] INFO:colcon.colcon_core.plugin_system:Skipping extension 'colcon_notification.desktop_notification.terminal_notifier': Not used on non-Darwin systems
[1.720s] INFO:colcon.colcon_core.plugin_system:Skipping extension 'colcon_notification.desktop_notification.win32': Not used on non-Windows systems
[1.721s] INFO:colcon.colcon_notification.desktop_notification:Sending desktop notification using 'notify2'
[1.721s] DEBUG:colcon.colcon_notification.desktop_notification.notify2:Failed to initialize notify2: org.freedesktop.DBus.Error.ServiceUnknown: The name org.freedesktop.Notifications was not provided by any .service files
[1.721s] DEBUG:colcon.colcon_core.event_reactor:joined thread
[1.722s] INFO:colcon.colcon_core.shell:Creating prefix script '/home/jonathanb/ros_cart/install/local_setup.ps1'
[1.723s] INFO:colcon.colcon_core.shell:Creating prefix util module '/home/jonathanb/ros_cart/install/_local_setup_util_ps1.py'
[1.724s] INFO:colcon.colcon_core.shell:Creating prefix chain script '/home/jonathanb/ros_cart/install/setup.ps1'
[1.725s] INFO:colcon.colcon_core.shell:Creating prefix script '/home/jonathanb/ros_cart/install/local_setup.sh'
[1.725s] INFO:colcon.colcon_core.shell:Creating prefix util module '/home/jonathanb/ros_cart/install/_local_setup_util_sh.py'
[1.726s] INFO:colcon.colcon_core.shell:Creating prefix chain script '/home/jonathanb/ros_cart/install/setup.sh'
[1.727s] INFO:colcon.colcon_core.shell:Creating prefix script '/home/jonathanb/ros_cart/install/local_setup.bash'
[1.727s] INFO:colcon.colcon_core.shell:Creating prefix chain script '/home/jonathanb/ros_cart/install/setup.bash'
[1.728s] INFO:colcon.colcon_core.shell:Creating prefix script '/home/jonathanb/ros_cart/install/local_setup.zsh'
[1.728s] INFO:colcon.colcon_core.shell:Creating prefix chain script '/home/jonathanb/ros_cart/install/setup.zsh'
