[0.916s] DEBUG:colcon:Command line arguments: ['/usr/bin/colcon', 'build', '--symlink-install']
[0.917s] DEBUG:colcon:Parsed command line arguments: Namespace(log_base=None, log_level=None, verb_name='build', build_base='build', install_base='install', merge_install=False, symlink_install=True, test_result_base=None, continue_on_error=False, executor='parallel', parallel_workers=12, event_handlers=None, ignore_user_meta=False, metas=['./colcon.meta'], base_paths=['.'], packages_ignore=None, packages_ignore_regex=None, paths=None, packages_up_to=None, packages_up_to_regex=None, packages_above=None, packages_above_and_dependencies=None, packages_above_depth=None, packages_select_by_dep=None, packages_skip_by_dep=None, packages_skip_up_to=None, packages_select_build_failed=False, packages_skip_build_finished=False, packages_select_test_failures=False, packages_skip_test_passed=False, packages_select=None, packages_skip=None, packages_select_regex=None, packages_skip_regex=None, packages_start=None, packages_end=None, allow_overriding=[], cmake_args=None, cmake_target=None, cmake_target_skip_unavailable=False, cmake_clean_cache=False, cmake_clean_first=False, cmake_force_configure=False, ament_cmake_args=None, catkin_cmake_args=None, catkin_skip_building_tests=False, verb_parser=<colcon_defaults.argument_parser.defaults.DefaultArgumentsDecorator object at 0x7fb59d8f8b20>, verb_extension=<colcon_core.verb.build.BuildVerb object at 0x7fb59dacd870>, main=<bound method BuildVerb.main of <colcon_core.verb.build.BuildVerb object at 0x7fb59dacd870>>)
[1.640s] Level 1:colcon.colcon_core.package_discovery:discover_packages(colcon_meta) check parameters
[1.640s] Level 1:colcon.colcon_core.package_discovery:discover_packages(recursive) check parameters
[1.640s] Level 1:colcon.colcon_core.package_discovery:discover_packages(ignore) check parameters
[1.640s] Level 1:colcon.colcon_core.package_discovery:discover_packages(path) check parameters
[1.640s] Level 1:colcon.colcon_core.package_discovery:discover_packages(colcon_meta) discover
[1.641s] Level 1:colcon.colcon_core.package_discovery:discover_packages(recursive) discover
[1.641s] INFO:colcon.colcon_core.package_discovery:Crawling recursively for packages in '/home/jonathanb/ros_cart'
[1.641s] Level 1:colcon.colcon_core.package_identification:_identify(.) by extensions ['ignore', 'ignore_ament_install']
[1.641s] Level 1:colcon.colcon_core.package_identification:_identify(.) by extension 'ignore'
[1.641s] Level 1:colcon.colcon_core.package_identification:_identify(.) by extension 'ignore_ament_install'
[1.641s] Level 1:colcon.colcon_core.package_identification:_identify(.) by extensions ['colcon_pkg']
[1.641s] Level 1:colcon.colcon_core.package_identification:_identify(.) by extension 'colcon_pkg'
[1.641s] Level 1:colcon.colcon_core.package_identification:_identify(.) by extensions ['colcon_meta']
[1.641s] Level 1:colcon.colcon_core.package_identification:_identify(.) by extension 'colcon_meta'
[1.642s] Level 1:colcon.colcon_core.package_identification:_identify(.) by extensions ['ros']
[1.642s] Level 1:colcon.colcon_core.package_identification:_identify(.) by extension 'ros'
[1.664s] Level 1:colcon.colcon_core.package_identification:_identify(.) by extensions ['cmake', 'python']
[1.665s] Level 1:colcon.colcon_core.package_identification:_identify(.) by extension 'cmake'
[1.665s] Level 1:colcon.colcon_core.package_identification:_identify(.) by extension 'python'
[1.665s] Level 1:colcon.colcon_core.package_identification:_identify(.) by extensions ['python_setup_py']
[1.665s] Level 1:colcon.colcon_core.package_identification:_identify(.) by extension 'python_setup_py'
[1.665s] Level 1:colcon.colcon_core.package_identification:_identify(build) by extensions ['ignore', 'ignore_ament_install']
[1.665s] Level 1:colcon.colcon_core.package_identification:_identify(build) by extension 'ignore'
[1.665s] Level 1:colcon.colcon_core.package_identification:_identify(build) ignored
[1.666s] Level 1:colcon.colcon_core.package_identification:_identify(install) by extensions ['ignore', 'ignore_ament_install']
[1.666s] Level 1:colcon.colcon_core.package_identification:_identify(install) by extension 'ignore'
[1.666s] Level 1:colcon.colcon_core.package_identification:_identify(install) ignored
[1.666s] Level 1:colcon.colcon_core.package_identification:_identify(log) by extensions ['ignore', 'ignore_ament_install']
[1.666s] Level 1:colcon.colcon_core.package_identification:_identify(log) by extension 'ignore'
[1.667s] Level 1:colcon.colcon_core.package_identification:_identify(log) ignored
[1.667s] Level 1:colcon.colcon_core.package_identification:_identify(src) by extensions ['ignore', 'ignore_ament_install']
[1.667s] Level 1:colcon.colcon_core.package_identification:_identify(src) by extension 'ignore'
[1.667s] Level 1:colcon.colcon_core.package_identification:_identify(src) by extension 'ignore_ament_install'
[1.667s] Level 1:colcon.colcon_core.package_identification:_identify(src) by extensions ['colcon_pkg']
[1.667s] Level 1:colcon.colcon_core.package_identification:_identify(src) by extension 'colcon_pkg'
[1.667s] Level 1:colcon.colcon_core.package_identification:_identify(src) by extensions ['colcon_meta']
[1.667s] Level 1:colcon.colcon_core.package_identification:_identify(src) by extension 'colcon_meta'
[1.667s] Level 1:colcon.colcon_core.package_identification:_identify(src) by extensions ['ros']
[1.667s] Level 1:colcon.colcon_core.package_identification:_identify(src) by extension 'ros'
[1.668s] Level 1:colcon.colcon_core.package_identification:_identify(src) by extensions ['cmake', 'python']
[1.668s] Level 1:colcon.colcon_core.package_identification:_identify(src) by extension 'cmake'
[1.668s] Level 1:colcon.colcon_core.package_identification:_identify(src) by extension 'python'
[1.668s] Level 1:colcon.colcon_core.package_identification:_identify(src) by extensions ['python_setup_py']
[1.668s] Level 1:colcon.colcon_core.package_identification:_identify(src) by extension 'python_setup_py'
[1.668s] Level 1:colcon.colcon_core.package_identification:_identify(src/mediapipe_cam) by extensions ['ignore', 'ignore_ament_install']
[1.668s] Level 1:colcon.colcon_core.package_identification:_identify(src/mediapipe_cam) by extension 'ignore'
[1.668s] Level 1:colcon.colcon_core.package_identification:_identify(src/mediapipe_cam) by extension 'ignore_ament_install'
[1.669s] Level 1:colcon.colcon_core.package_identification:_identify(src/mediapipe_cam) by extensions ['colcon_pkg']
[1.669s] Level 1:colcon.colcon_core.package_identification:_identify(src/mediapipe_cam) by extension 'colcon_pkg'
[1.669s] Level 1:colcon.colcon_core.package_identification:_identify(src/mediapipe_cam) by extensions ['colcon_meta']
[1.669s] Level 1:colcon.colcon_core.package_identification:_identify(src/mediapipe_cam) by extension 'colcon_meta'
[1.669s] Level 1:colcon.colcon_core.package_identification:_identify(src/mediapipe_cam) by extensions ['ros']
[1.669s] Level 1:colcon.colcon_core.package_identification:_identify(src/mediapipe_cam) by extension 'ros'
[1.675s] DEBUG:colcon.colcon_core.package_identification:Package 'src/mediapipe_cam' with type 'ros.ament_python' and name 'mediapipe_cam'
[1.675s] Level 1:colcon.colcon_core.package_identification:_identify(src/mediapipe_pose_ros2) by extensions ['ignore', 'ignore_ament_install']
[1.676s] Level 1:colcon.colcon_core.package_identification:_identify(src/mediapipe_pose_ros2) by extension 'ignore'
[1.676s] Level 1:colcon.colcon_core.package_identification:_identify(src/mediapipe_pose_ros2) by extension 'ignore_ament_install'
[1.676s] Level 1:colcon.colcon_core.package_identification:_identify(src/mediapipe_pose_ros2) by extensions ['colcon_pkg']
[1.676s] Level 1:colcon.colcon_core.package_identification:_identify(src/mediapipe_pose_ros2) by extension 'colcon_pkg'
[1.676s] Level 1:colcon.colcon_core.package_identification:_identify(src/mediapipe_pose_ros2) by extensions ['colcon_meta']
[1.676s] Level 1:colcon.colcon_core.package_identification:_identify(src/mediapipe_pose_ros2) by extension 'colcon_meta'
[1.676s] Level 1:colcon.colcon_core.package_identification:_identify(src/mediapipe_pose_ros2) by extensions ['ros']
[1.676s] Level 1:colcon.colcon_core.package_identification:_identify(src/mediapipe_pose_ros2) by extension 'ros'
[1.678s] DEBUG:colcon.colcon_core.package_identification:Package 'src/mediapipe_pose_ros2' with type 'ros.ament_python' and name 'mediapipe_pose_ros2'
[1.678s] Level 1:colcon.colcon_core.package_discovery:discover_packages(recursive) using defaults
[1.679s] Level 1:colcon.colcon_core.package_discovery:discover_packages(ignore) discover
[1.679s] Level 1:colcon.colcon_core.package_discovery:discover_packages(ignore) using defaults
[1.679s] Level 1:colcon.colcon_core.package_discovery:discover_packages(path) discover
[1.679s] Level 1:colcon.colcon_core.package_discovery:discover_packages(path) using defaults
[1.731s] Level 1:colcon.colcon_core.package_discovery:discover_packages(prefix_path) check parameters
[1.731s] Level 1:colcon.colcon_core.package_discovery:discover_packages(prefix_path) discover
[1.739s] DEBUG:colcon.colcon_installed_package_information.package_discovery:Found 2 installed packages in /home/jonathanb/ros_cart/install
[1.743s] DEBUG:colcon.colcon_installed_package_information.package_discovery:Found 339 installed packages in /opt/ros/humble
[1.757s] Level 1:colcon.colcon_core.package_discovery:discover_packages(prefix_path) using defaults
[1.915s] Level 5:colcon.colcon_core.verb:set package 'mediapipe_cam' build argument 'cmake_args' from command line to 'None'
[1.916s] Level 5:colcon.colcon_core.verb:set package 'mediapipe_cam' build argument 'cmake_target' from command line to 'None'
[1.916s] Level 5:colcon.colcon_core.verb:set package 'mediapipe_cam' build argument 'cmake_target_skip_unavailable' from command line to 'False'
[1.916s] Level 5:colcon.colcon_core.verb:set package 'mediapipe_cam' build argument 'cmake_clean_cache' from command line to 'False'
[1.916s] Level 5:colcon.colcon_core.verb:set package 'mediapipe_cam' build argument 'cmake_clean_first' from command line to 'False'
[1.916s] Level 5:colcon.colcon_core.verb:set package 'mediapipe_cam' build argument 'cmake_force_configure' from command line to 'False'
[1.916s] Level 5:colcon.colcon_core.verb:set package 'mediapipe_cam' build argument 'ament_cmake_args' from command line to 'None'
[1.916s] Level 5:colcon.colcon_core.verb:set package 'mediapipe_cam' build argument 'catkin_cmake_args' from command line to 'None'
[1.916s] Level 5:colcon.colcon_core.verb:set package 'mediapipe_cam' build argument 'catkin_skip_building_tests' from command line to 'False'
[1.916s] DEBUG:colcon.colcon_core.verb:Building package 'mediapipe_cam' with the following arguments: {'ament_cmake_args': None, 'build_base': '/home/jonathanb/ros_cart/build/mediapipe_cam', 'catkin_cmake_args': None, 'catkin_skip_building_tests': False, 'cmake_args': None, 'cmake_clean_cache': False, 'cmake_clean_first': False, 'cmake_force_configure': False, 'cmake_target': None, 'cmake_target_skip_unavailable': False, 'install_base': '/home/jonathanb/ros_cart/install/mediapipe_cam', 'merge_install': False, 'path': '/home/jonathanb/ros_cart/src/mediapipe_cam', 'symlink_install': True, 'test_result_base': None}
[1.916s] Level 5:colcon.colcon_core.verb:set package 'mediapipe_pose_ros2' build argument 'cmake_args' from command line to 'None'
[1.916s] Level 5:colcon.colcon_core.verb:set package 'mediapipe_pose_ros2' build argument 'cmake_target' from command line to 'None'
[1.916s] Level 5:colcon.colcon_core.verb:set package 'mediapipe_pose_ros2' build argument 'cmake_target_skip_unavailable' from command line to 'False'
[1.916s] Level 5:colcon.colcon_core.verb:set package 'mediapipe_pose_ros2' build argument 'cmake_clean_cache' from command line to 'False'
[1.916s] Level 5:colcon.colcon_core.verb:set package 'mediapipe_pose_ros2' build argument 'cmake_clean_first' from command line to 'False'
[1.916s] Level 5:colcon.colcon_core.verb:set package 'mediapipe_pose_ros2' build argument 'cmake_force_configure' from command line to 'False'
[1.917s] Level 5:colcon.colcon_core.verb:set package 'mediapipe_pose_ros2' build argument 'ament_cmake_args' from command line to 'None'
[1.917s] Level 5:colcon.colcon_core.verb:set package 'mediapipe_pose_ros2' build argument 'catkin_cmake_args' from command line to 'None'
[1.917s] Level 5:colcon.colcon_core.verb:set package 'mediapipe_pose_ros2' build argument 'catkin_skip_building_tests' from command line to 'False'
[1.917s] DEBUG:colcon.colcon_core.verb:Building package 'mediapipe_pose_ros2' with the following arguments: {'ament_cmake_args': None, 'build_base': '/home/jonathanb/ros_cart/build/mediapipe_pose_ros2', 'catkin_cmake_args': None, 'catkin_skip_building_tests': False, 'cmake_args': None, 'cmake_clean_cache': False, 'cmake_clean_first': False, 'cmake_force_configure': False, 'cmake_target': None, 'cmake_target_skip_unavailable': False, 'install_base': '/home/jonathanb/ros_cart/install/mediapipe_pose_ros2', 'merge_install': False, 'path': '/home/jonathanb/ros_cart/src/mediapipe_pose_ros2', 'symlink_install': True, 'test_result_base': None}
[1.917s] INFO:colcon.colcon_core.executor:Executing jobs using 'parallel' executor
[1.918s] DEBUG:colcon.colcon_parallel_executor.executor.parallel:run_until_complete
[1.919s] INFO:colcon.colcon_ros.task.ament_python.build:Building ROS package in '/home/jonathanb/ros_cart/src/mediapipe_cam' with build type 'ament_python'
[1.921s] Level 1:colcon.colcon_core.shell:create_environment_hook('mediapipe_cam', 'ament_prefix_path')
[1.927s] INFO:colcon.colcon_core.plugin_system:Skipping extension 'colcon_core.shell.bat': Not used on non-Windows systems
[1.928s] INFO:colcon.colcon_core.shell:Creating environment hook '/home/jonathanb/ros_cart/install/mediapipe_cam/share/mediapipe_cam/hook/ament_prefix_path.ps1'
[1.931s] INFO:colcon.colcon_core.shell:Creating environment descriptor '/home/jonathanb/ros_cart/install/mediapipe_cam/share/mediapipe_cam/hook/ament_prefix_path.dsv'
[1.933s] INFO:colcon.colcon_core.shell:Creating environment hook '/home/jonathanb/ros_cart/install/mediapipe_cam/share/mediapipe_cam/hook/ament_prefix_path.sh'
[1.936s] INFO:colcon.colcon_core.shell:Skip shell extension 'powershell' for command environment: Not usable outside of PowerShell
[1.936s] DEBUG:colcon.colcon_core.shell:Skip shell extension 'dsv' for command environment
[1.943s] INFO:colcon.colcon_ros.task.ament_python.build:Building ROS package in '/home/jonathanb/ros_cart/src/mediapipe_pose_ros2' with build type 'ament_python'
[1.944s] Level 1:colcon.colcon_core.shell:create_environment_hook('mediapipe_pose_ros2', 'ament_prefix_path')
[1.945s] INFO:colcon.colcon_core.shell:Creating environment hook '/home/jonathanb/ros_cart/install/mediapipe_pose_ros2/share/mediapipe_pose_ros2/hook/ament_prefix_path.ps1'
[1.946s] INFO:colcon.colcon_core.shell:Creating environment descriptor '/home/jonathanb/ros_cart/install/mediapipe_pose_ros2/share/mediapipe_pose_ros2/hook/ament_prefix_path.dsv'
[1.946s] INFO:colcon.colcon_core.shell:Creating environment hook '/home/jonathanb/ros_cart/install/mediapipe_pose_ros2/share/mediapipe_pose_ros2/hook/ament_prefix_path.sh'
[1.947s] INFO:colcon.colcon_core.shell:Skip shell extension 'powershell' for command environment: Not usable outside of PowerShell
[1.948s] DEBUG:colcon.colcon_core.shell:Skip shell extension 'dsv' for command environment
[2.461s] INFO:colcon.colcon_core.task.python.build:Building Python package in '/home/jonathanb/ros_cart/src/mediapipe_cam'
[2.462s] INFO:colcon.colcon_core.shell:Skip shell extension 'powershell' for command environment: Not usable outside of PowerShell
[2.462s] DEBUG:colcon.colcon_core.shell:Skip shell extension 'dsv' for command environment
[2.878s] INFO:colcon.colcon_core.task.python.build:Building Python package in '/home/jonathanb/ros_cart/src/mediapipe_pose_ros2'
[2.878s] INFO:colcon.colcon_core.shell:Skip shell extension 'powershell' for command environment: Not usable outside of PowerShell
[2.879s] DEBUG:colcon.colcon_core.shell:Skip shell extension 'dsv' for command environment
[4.000s] DEBUG:colcon.colcon_core.event_handler.log_command:Invoking command in '/home/jonathanb/ros_cart/build/mediapipe_pose_ros2': PYTHONPATH=/home/jonathanb/ros_cart/build/mediapipe_pose_ros2/prefix_override:/usr/lib/python3/dist-packages/colcon_core/task/python/colcon_distutils_commands:/home/jonathanb/ros_cart/install/mediapipe_pose_ros2/lib/python3.10/site-packages:${PYTHONPATH} /usr/bin/python3 -W ignore:setup.py install is deprecated -W ignore:easy_install command is deprecated setup.py develop --editable --build-directory /home/jonathanb/ros_cart/build/mediapipe_pose_ros2/build --no-deps symlink_data
[4.012s] DEBUG:colcon.colcon_core.event_handler.log_command:Invoking command in '/home/jonathanb/ros_cart/build/mediapipe_cam': PYTHONPATH=/home/jonathanb/ros_cart/build/mediapipe_cam/prefix_override:/usr/lib/python3/dist-packages/colcon_core/task/python/colcon_distutils_commands:/home/jonathanb/ros_cart/install/mediapipe_cam/lib/python3.10/site-packages:${PYTHONPATH} /usr/bin/python3 -W ignore:setup.py install is deprecated -W ignore:easy_install command is deprecated setup.py develop --editable --build-directory /home/jonathanb/ros_cart/build/mediapipe_cam/build --no-deps symlink_data
[4.791s] Level 1:colcon.colcon_core.shell:create_environment_hook('mediapipe_pose_ros2', 'pythonpath_develop')
[4.793s] DEBUG:colcon.colcon_core.event_handler.log_command:Invoked command in '/home/jonathanb/ros_cart/build/mediapipe_pose_ros2' returned '0': PYTHONPATH=/home/jonathanb/ros_cart/build/mediapipe_pose_ros2/prefix_override:/usr/lib/python3/dist-packages/colcon_core/task/python/colcon_distutils_commands:/home/jonathanb/ros_cart/install/mediapipe_pose_ros2/lib/python3.10/site-packages:${PYTHONPATH} /usr/bin/python3 -W ignore:setup.py install is deprecated -W ignore:easy_install command is deprecated setup.py develop --editable --build-directory /home/jonathanb/ros_cart/build/mediapipe_pose_ros2/build --no-deps symlink_data
[4.793s] INFO:colcon.colcon_core.shell:Creating environment hook '/home/jonathanb/ros_cart/build/mediapipe_pose_ros2/share/mediapipe_pose_ros2/hook/pythonpath_develop.ps1'
[4.795s] INFO:colcon.colcon_core.shell:Creating environment descriptor '/home/jonathanb/ros_cart/build/mediapipe_pose_ros2/share/mediapipe_pose_ros2/hook/pythonpath_develop.dsv'
[4.796s] INFO:colcon.colcon_core.shell:Creating environment hook '/home/jonathanb/ros_cart/build/mediapipe_pose_ros2/share/mediapipe_pose_ros2/hook/pythonpath_develop.sh'
[4.809s] Level 1:colcon.colcon_core.environment:checking '/home/jonathanb/ros_cart/install/mediapipe_pose_ros2' for CMake module files
[4.810s] Level 1:colcon.colcon_core.environment:checking '/home/jonathanb/ros_cart/install/mediapipe_pose_ros2' for CMake config files
[4.811s] Level 1:colcon.colcon_core.environment:checking '/home/jonathanb/ros_cart/install/mediapipe_pose_ros2/lib'
[4.811s] Level 1:colcon.colcon_core.environment:checking '/home/jonathanb/ros_cart/install/mediapipe_pose_ros2/bin'
[4.811s] Level 1:colcon.colcon_core.environment:checking '/home/jonathanb/ros_cart/install/mediapipe_pose_ros2/lib/pkgconfig/mediapipe_pose_ros2.pc'
[4.812s] Level 1:colcon.colcon_core.environment:checking '/home/jonathanb/ros_cart/install/mediapipe_pose_ros2/lib/python3.10/site-packages'
[4.812s] Level 1:colcon.colcon_core.shell:create_environment_hook('mediapipe_pose_ros2', 'pythonpath')
[4.813s] INFO:colcon.colcon_core.shell:Creating environment hook '/home/jonathanb/ros_cart/install/mediapipe_pose_ros2/share/mediapipe_pose_ros2/hook/pythonpath.ps1'
[4.813s] INFO:colcon.colcon_core.shell:Creating environment descriptor '/home/jonathanb/ros_cart/install/mediapipe_pose_ros2/share/mediapipe_pose_ros2/hook/pythonpath.dsv'
[4.814s] INFO:colcon.colcon_core.shell:Creating environment hook '/home/jonathanb/ros_cart/install/mediapipe_pose_ros2/share/mediapipe_pose_ros2/hook/pythonpath.sh'
[4.815s] Level 1:colcon.colcon_core.environment:checking '/home/jonathanb/ros_cart/install/mediapipe_pose_ros2/bin'
[4.815s] Level 1:colcon.colcon_core.environment:create_environment_scripts_only(mediapipe_pose_ros2)
[4.816s] INFO:colcon.colcon_core.shell:Creating package script '/home/jonathanb/ros_cart/install/mediapipe_pose_ros2/share/mediapipe_pose_ros2/package.ps1'
[4.817s] INFO:colcon.colcon_core.shell:Creating package descriptor '/home/jonathanb/ros_cart/install/mediapipe_pose_ros2/share/mediapipe_pose_ros2/package.dsv'
[4.819s] INFO:colcon.colcon_core.shell:Creating package script '/home/jonathanb/ros_cart/install/mediapipe_pose_ros2/share/mediapipe_pose_ros2/package.sh'
[4.820s] INFO:colcon.colcon_core.shell:Creating package script '/home/jonathanb/ros_cart/install/mediapipe_pose_ros2/share/mediapipe_pose_ros2/package.bash'
[4.822s] INFO:colcon.colcon_core.shell:Creating package script '/home/jonathanb/ros_cart/install/mediapipe_pose_ros2/share/mediapipe_pose_ros2/package.zsh'
[4.824s] Level 1:colcon.colcon_core.environment:create_file_with_runtime_dependencies(/home/jonathanb/ros_cart/install/mediapipe_pose_ros2/share/colcon-core/packages/mediapipe_pose_ros2)
[4.825s] Level 1:colcon.colcon_core.shell:create_environment_hook('mediapipe_cam', 'pythonpath_develop')
[4.825s] INFO:colcon.colcon_core.shell:Creating environment hook '/home/jonathanb/ros_cart/build/mediapipe_cam/share/mediapipe_cam/hook/pythonpath_develop.ps1'
[4.827s] INFO:colcon.colcon_core.shell:Creating environment descriptor '/home/jonathanb/ros_cart/build/mediapipe_cam/share/mediapipe_cam/hook/pythonpath_develop.dsv'
[4.829s] DEBUG:colcon.colcon_core.event_handler.log_command:Invoked command in '/home/jonathanb/ros_cart/build/mediapipe_cam' returned '0': PYTHONPATH=/home/jonathanb/ros_cart/build/mediapipe_cam/prefix_override:/usr/lib/python3/dist-packages/colcon_core/task/python/colcon_distutils_commands:/home/jonathanb/ros_cart/install/mediapipe_cam/lib/python3.10/site-packages:${PYTHONPATH} /usr/bin/python3 -W ignore:setup.py install is deprecated -W ignore:easy_install command is deprecated setup.py develop --editable --build-directory /home/jonathanb/ros_cart/build/mediapipe_cam/build --no-deps symlink_data
[4.829s] INFO:colcon.colcon_core.shell:Creating environment hook '/home/jonathanb/ros_cart/build/mediapipe_cam/share/mediapipe_cam/hook/pythonpath_develop.sh'
[4.831s] Level 1:colcon.colcon_core.environment:checking '/home/jonathanb/ros_cart/install/mediapipe_cam' for CMake module files
[4.832s] Level 1:colcon.colcon_core.environment:checking '/home/jonathanb/ros_cart/install/mediapipe_cam' for CMake config files
[4.833s] Level 1:colcon.colcon_core.environment:checking '/home/jonathanb/ros_cart/install/mediapipe_cam/lib'
[4.833s] Level 1:colcon.colcon_core.environment:checking '/home/jonathanb/ros_cart/install/mediapipe_cam/bin'
[4.834s] Level 1:colcon.colcon_core.environment:checking '/home/jonathanb/ros_cart/install/mediapipe_cam/lib/pkgconfig/mediapipe_cam.pc'
[4.834s] Level 1:colcon.colcon_core.environment:checking '/home/jonathanb/ros_cart/install/mediapipe_cam/lib/python3.10/site-packages'
[4.835s] Level 1:colcon.colcon_core.shell:create_environment_hook('mediapipe_cam', 'pythonpath')
[4.835s] INFO:colcon.colcon_core.shell:Creating environment hook '/home/jonathanb/ros_cart/install/mediapipe_cam/share/mediapipe_cam/hook/pythonpath.ps1'
[4.837s] INFO:colcon.colcon_core.shell:Creating environment descriptor '/home/jonathanb/ros_cart/install/mediapipe_cam/share/mediapipe_cam/hook/pythonpath.dsv'
[4.839s] INFO:colcon.colcon_core.shell:Creating environment hook '/home/jonathanb/ros_cart/install/mediapipe_cam/share/mediapipe_cam/hook/pythonpath.sh'
[4.840s] Level 1:colcon.colcon_core.environment:checking '/home/jonathanb/ros_cart/install/mediapipe_cam/bin'
[4.840s] Level 1:colcon.colcon_core.environment:create_environment_scripts_only(mediapipe_cam)
[4.841s] INFO:colcon.colcon_core.shell:Creating package script '/home/jonathanb/ros_cart/install/mediapipe_cam/share/mediapipe_cam/package.ps1'
[4.842s] INFO:colcon.colcon_core.shell:Creating package descriptor '/home/jonathanb/ros_cart/install/mediapipe_cam/share/mediapipe_cam/package.dsv'
[4.844s] INFO:colcon.colcon_core.shell:Creating package script '/home/jonathanb/ros_cart/install/mediapipe_cam/share/mediapipe_cam/package.sh'
[4.845s] INFO:colcon.colcon_core.shell:Creating package script '/home/jonathanb/ros_cart/install/mediapipe_cam/share/mediapipe_cam/package.bash'
[4.847s] INFO:colcon.colcon_core.shell:Creating package script '/home/jonathanb/ros_cart/install/mediapipe_cam/share/mediapipe_cam/package.zsh'
[4.848s] Level 1:colcon.colcon_core.environment:create_file_with_runtime_dependencies(/home/jonathanb/ros_cart/install/mediapipe_cam/share/colcon-core/packages/mediapipe_cam)
[4.850s] DEBUG:colcon.colcon_parallel_executor.executor.parallel:closing loop
[4.851s] DEBUG:colcon.colcon_parallel_executor.executor.parallel:loop closed
[4.851s] DEBUG:colcon.colcon_parallel_executor.executor.parallel:run_until_complete finished with '0'
[4.851s] DEBUG:colcon.colcon_core.event_reactor:joining thread
[5.027s] INFO:colcon.colcon_core.plugin_system:Skipping extension 'colcon_notification.desktop_notification.notify_send': Could not find 'notify-send'
[5.027s] INFO:colcon.colcon_core.plugin_system:Skipping extension 'colcon_notification.desktop_notification.terminal_notifier': Not used on non-Darwin systems
[5.028s] INFO:colcon.colcon_core.plugin_system:Skipping extension 'colcon_notification.desktop_notification.win32': Not used on non-Windows systems
[5.028s] INFO:colcon.colcon_notification.desktop_notification:Sending desktop notification using 'notify2'
[5.080s] DEBUG:colcon.colcon_notification.desktop_notification.notify2:Failed to initialize notify2: org.freedesktop.DBus.Error.ServiceUnknown: The name org.freedesktop.Notifications was not provided by any .service files
[5.080s] DEBUG:colcon.colcon_core.event_reactor:joined thread
[5.082s] INFO:colcon.colcon_core.shell:Creating prefix script '/home/jonathanb/ros_cart/install/local_setup.ps1'
[5.088s] INFO:colcon.colcon_core.shell:Creating prefix util module '/home/jonathanb/ros_cart/install/_local_setup_util_ps1.py'
[5.095s] INFO:colcon.colcon_core.shell:Creating prefix chain script '/home/jonathanb/ros_cart/install/setup.ps1'
[5.100s] INFO:colcon.colcon_core.shell:Creating prefix script '/home/jonathanb/ros_cart/install/local_setup.sh'
[5.104s] INFO:colcon.colcon_core.shell:Creating prefix util module '/home/jonathanb/ros_cart/install/_local_setup_util_sh.py'
[5.107s] INFO:colcon.colcon_core.shell:Creating prefix chain script '/home/jonathanb/ros_cart/install/setup.sh'
[5.112s] INFO:colcon.colcon_core.shell:Creating prefix script '/home/jonathanb/ros_cart/install/local_setup.bash'
[5.115s] INFO:colcon.colcon_core.shell:Creating prefix chain script '/home/jonathanb/ros_cart/install/setup.bash'
[5.120s] INFO:colcon.colcon_core.shell:Creating prefix script '/home/jonathanb/ros_cart/install/local_setup.zsh'
[5.123s] INFO:colcon.colcon_core.shell:Creating prefix chain script '/home/jonathanb/ros_cart/install/setup.zsh'
