[0.159s] DEBUG:colcon:Command line arguments: ['/usr/bin/colcon', 'build', '--symlink-install']
[0.159s] DEBUG:colcon:Parsed command line arguments: Namespace(log_base=None, log_level=None, verb_name='build', build_base='build', install_base='install', merge_install=False, symlink_install=True, test_result_base=None, continue_on_error=False, executor='parallel', parallel_workers=12, event_handlers=None, ignore_user_meta=False, metas=['./colcon.meta'], base_paths=['.'], packages_ignore=None, packages_ignore_regex=None, paths=None, packages_up_to=None, packages_up_to_regex=None, packages_above=None, packages_above_and_dependencies=None, packages_above_depth=None, packages_select_by_dep=None, packages_skip_by_dep=None, packages_skip_up_to=None, packages_select_build_failed=False, packages_skip_build_finished=False, packages_select_test_failures=False, packages_skip_test_passed=False, packages_select=None, packages_skip=None, packages_select_regex=None, packages_skip_regex=None, packages_start=None, packages_end=None, allow_overriding=[], cmake_args=None, cmake_target=None, cmake_target_skip_unavailable=False, cmake_clean_cache=False, cmake_clean_first=False, cmake_force_configure=False, ament_cmake_args=None, catkin_cmake_args=None, catkin_skip_building_tests=False, verb_parser=<colcon_defaults.argument_parser.defaults.DefaultArgumentsDecorator object at 0x73a585348b20>, verb_extension=<colcon_core.verb.build.BuildVerb object at 0x73a5854c1870>, main=<bound method BuildVerb.main of <colcon_core.verb.build.BuildVerb object at 0x73a5854c1870>>)
[0.315s] Level 1:colcon.colcon_core.package_discovery:discover_packages(colcon_meta) check parameters
[0.315s] Level 1:colcon.colcon_core.package_discovery:discover_packages(recursive) check parameters
[0.315s] Level 1:colcon.colcon_core.package_discovery:discover_packages(ignore) check parameters
[0.316s] Level 1:colcon.colcon_core.package_discovery:discover_packages(path) check parameters
[0.316s] Level 1:colcon.colcon_core.package_discovery:discover_packages(colcon_meta) discover
[0.316s] Level 1:colcon.colcon_core.package_discovery:discover_packages(recursive) discover
[0.316s] INFO:colcon.colcon_core.package_discovery:Crawling recursively for packages in '/home/jonathanb/ros_cart'
[0.316s] Level 1:colcon.colcon_core.package_identification:_identify(.) by extensions ['ignore', 'ignore_ament_install']
[0.316s] Level 1:colcon.colcon_core.package_identification:_identify(.) by extension 'ignore'
[0.316s] Level 1:colcon.colcon_core.package_identification:_identify(.) by extension 'ignore_ament_install'
[0.316s] Level 1:colcon.colcon_core.package_identification:_identify(.) by extensions ['colcon_pkg']
[0.316s] Level 1:colcon.colcon_core.package_identification:_identify(.) by extension 'colcon_pkg'
[0.316s] Level 1:colcon.colcon_core.package_identification:_identify(.) by extensions ['colcon_meta']
[0.316s] Level 1:colcon.colcon_core.package_identification:_identify(.) by extension 'colcon_meta'
[0.316s] Level 1:colcon.colcon_core.package_identification:_identify(.) by extensions ['ros']
[0.316s] Level 1:colcon.colcon_core.package_identification:_identify(.) by extension 'ros'
[0.325s] Level 1:colcon.colcon_core.package_identification:_identify(.) by extensions ['cmake', 'python']
[0.325s] Level 1:colcon.colcon_core.package_identification:_identify(.) by extension 'cmake'
[0.325s] Level 1:colcon.colcon_core.package_identification:_identify(.) by extension 'python'
[0.326s] Level 1:colcon.colcon_core.package_identification:_identify(.) by extensions ['python_setup_py']
[0.326s] Level 1:colcon.colcon_core.package_identification:_identify(.) by extension 'python_setup_py'
[0.326s] Level 1:colcon.colcon_core.package_identification:_identify(build) by extensions ['ignore', 'ignore_ament_install']
[0.326s] Level 1:colcon.colcon_core.package_identification:_identify(build) by extension 'ignore'
[0.326s] Level 1:colcon.colcon_core.package_identification:_identify(build) ignored
[0.326s] Level 1:colcon.colcon_core.package_identification:_identify(install) by extensions ['ignore', 'ignore_ament_install']
[0.326s] Level 1:colcon.colcon_core.package_identification:_identify(install) by extension 'ignore'
[0.326s] Level 1:colcon.colcon_core.package_identification:_identify(install) ignored
[0.326s] Level 1:colcon.colcon_core.package_identification:_identify(log) by extensions ['ignore', 'ignore_ament_install']
[0.326s] Level 1:colcon.colcon_core.package_identification:_identify(log) by extension 'ignore'
[0.326s] Level 1:colcon.colcon_core.package_identification:_identify(log) ignored
[0.326s] Level 1:colcon.colcon_core.package_identification:_identify(src) by extensions ['ignore', 'ignore_ament_install']
[0.326s] Level 1:colcon.colcon_core.package_identification:_identify(src) by extension 'ignore'
[0.326s] Level 1:colcon.colcon_core.package_identification:_identify(src) by extension 'ignore_ament_install'
[0.327s] Level 1:colcon.colcon_core.package_identification:_identify(src) by extensions ['colcon_pkg']
[0.327s] Level 1:colcon.colcon_core.package_identification:_identify(src) by extension 'colcon_pkg'
[0.327s] Level 1:colcon.colcon_core.package_identification:_identify(src) by extensions ['colcon_meta']
[0.327s] Level 1:colcon.colcon_core.package_identification:_identify(src) by extension 'colcon_meta'
[0.327s] Level 1:colcon.colcon_core.package_identification:_identify(src) by extensions ['ros']
[0.327s] Level 1:colcon.colcon_core.package_identification:_identify(src) by extension 'ros'
[0.327s] Level 1:colcon.colcon_core.package_identification:_identify(src) by extensions ['cmake', 'python']
[0.327s] Level 1:colcon.colcon_core.package_identification:_identify(src) by extension 'cmake'
[0.327s] Level 1:colcon.colcon_core.package_identification:_identify(src) by extension 'python'
[0.327s] Level 1:colcon.colcon_core.package_identification:_identify(src) by extensions ['python_setup_py']
[0.327s] Level 1:colcon.colcon_core.package_identification:_identify(src) by extension 'python_setup_py'
[0.327s] Level 1:colcon.colcon_core.package_identification:_identify(src/mediapipe_cam) by extensions ['ignore', 'ignore_ament_install']
[0.327s] Level 1:colcon.colcon_core.package_identification:_identify(src/mediapipe_cam) by extension 'ignore'
[0.327s] Level 1:colcon.colcon_core.package_identification:_identify(src/mediapipe_cam) by extension 'ignore_ament_install'
[0.327s] Level 1:colcon.colcon_core.package_identification:_identify(src/mediapipe_cam) by extensions ['colcon_pkg']
[0.327s] Level 1:colcon.colcon_core.package_identification:_identify(src/mediapipe_cam) by extension 'colcon_pkg'
[0.328s] Level 1:colcon.colcon_core.package_identification:_identify(src/mediapipe_cam) by extensions ['colcon_meta']
[0.328s] Level 1:colcon.colcon_core.package_identification:_identify(src/mediapipe_cam) by extension 'colcon_meta'
[0.328s] Level 1:colcon.colcon_core.package_identification:_identify(src/mediapipe_cam) by extensions ['ros']
[0.328s] Level 1:colcon.colcon_core.package_identification:_identify(src/mediapipe_cam) by extension 'ros'
[0.330s] DEBUG:colcon.colcon_core.package_identification:Package 'src/mediapipe_cam' with type 'ros.ament_python' and name 'mediapipe_cam'
[0.330s] Level 1:colcon.colcon_core.package_identification:_identify(src/mediapipe_pose_ros2) by extensions ['ignore', 'ignore_ament_install']
[0.330s] Level 1:colcon.colcon_core.package_identification:_identify(src/mediapipe_pose_ros2) by extension 'ignore'
[0.330s] Level 1:colcon.colcon_core.package_identification:_identify(src/mediapipe_pose_ros2) by extension 'ignore_ament_install'
[0.330s] Level 1:colcon.colcon_core.package_identification:_identify(src/mediapipe_pose_ros2) by extensions ['colcon_pkg']
[0.330s] Level 1:colcon.colcon_core.package_identification:_identify(src/mediapipe_pose_ros2) by extension 'colcon_pkg'
[0.330s] Level 1:colcon.colcon_core.package_identification:_identify(src/mediapipe_pose_ros2) by extensions ['colcon_meta']
[0.330s] Level 1:colcon.colcon_core.package_identification:_identify(src/mediapipe_pose_ros2) by extension 'colcon_meta'
[0.330s] Level 1:colcon.colcon_core.package_identification:_identify(src/mediapipe_pose_ros2) by extensions ['ros']
[0.330s] Level 1:colcon.colcon_core.package_identification:_identify(src/mediapipe_pose_ros2) by extension 'ros'
[0.331s] DEBUG:colcon.colcon_core.package_identification:Package 'src/mediapipe_pose_ros2' with type 'ros.ament_python' and name 'mediapipe_pose_ros2'
[0.331s] Level 1:colcon.colcon_core.package_discovery:discover_packages(recursive) using defaults
[0.331s] Level 1:colcon.colcon_core.package_discovery:discover_packages(ignore) discover
[0.331s] Level 1:colcon.colcon_core.package_discovery:discover_packages(ignore) using defaults
[0.331s] Level 1:colcon.colcon_core.package_discovery:discover_packages(path) discover
[0.331s] Level 1:colcon.colcon_core.package_discovery:discover_packages(path) using defaults
[0.346s] Level 1:colcon.colcon_core.package_discovery:discover_packages(prefix_path) check parameters
[0.346s] Level 1:colcon.colcon_core.package_discovery:discover_packages(prefix_path) discover
[0.348s] DEBUG:colcon.colcon_installed_package_information.package_discovery:Found 2 installed packages in /home/jonathanb/ros_cart/install
[0.350s] DEBUG:colcon.colcon_installed_package_information.package_discovery:Found 339 installed packages in /opt/ros/humble
[0.359s] Level 1:colcon.colcon_core.package_discovery:discover_packages(prefix_path) using defaults
[0.393s] Level 5:colcon.colcon_core.verb:set package 'mediapipe_cam' build argument 'cmake_args' from command line to 'None'
[0.393s] Level 5:colcon.colcon_core.verb:set package 'mediapipe_cam' build argument 'cmake_target' from command line to 'None'
[0.393s] Level 5:colcon.colcon_core.verb:set package 'mediapipe_cam' build argument 'cmake_target_skip_unavailable' from command line to 'False'
[0.393s] Level 5:colcon.colcon_core.verb:set package 'mediapipe_cam' build argument 'cmake_clean_cache' from command line to 'False'
[0.393s] Level 5:colcon.colcon_core.verb:set package 'mediapipe_cam' build argument 'cmake_clean_first' from command line to 'False'
[0.393s] Level 5:colcon.colcon_core.verb:set package 'mediapipe_cam' build argument 'cmake_force_configure' from command line to 'False'
[0.393s] Level 5:colcon.colcon_core.verb:set package 'mediapipe_cam' build argument 'ament_cmake_args' from command line to 'None'
[0.393s] Level 5:colcon.colcon_core.verb:set package 'mediapipe_cam' build argument 'catkin_cmake_args' from command line to 'None'
[0.393s] Level 5:colcon.colcon_core.verb:set package 'mediapipe_cam' build argument 'catkin_skip_building_tests' from command line to 'False'
[0.393s] DEBUG:colcon.colcon_core.verb:Building package 'mediapipe_cam' with the following arguments: {'ament_cmake_args': None, 'build_base': '/home/jonathanb/ros_cart/build/mediapipe_cam', 'catkin_cmake_args': None, 'catkin_skip_building_tests': False, 'cmake_args': None, 'cmake_clean_cache': False, 'cmake_clean_first': False, 'cmake_force_configure': False, 'cmake_target': None, 'cmake_target_skip_unavailable': False, 'install_base': '/home/jonathanb/ros_cart/install/mediapipe_cam', 'merge_install': False, 'path': '/home/jonathanb/ros_cart/src/mediapipe_cam', 'symlink_install': True, 'test_result_base': None}
[0.394s] Level 5:colcon.colcon_core.verb:set package 'mediapipe_pose_ros2' build argument 'cmake_args' from command line to 'None'
[0.394s] Level 5:colcon.colcon_core.verb:set package 'mediapipe_pose_ros2' build argument 'cmake_target' from command line to 'None'
[0.394s] Level 5:colcon.colcon_core.verb:set package 'mediapipe_pose_ros2' build argument 'cmake_target_skip_unavailable' from command line to 'False'
[0.394s] Level 5:colcon.colcon_core.verb:set package 'mediapipe_pose_ros2' build argument 'cmake_clean_cache' from command line to 'False'
[0.394s] Level 5:colcon.colcon_core.verb:set package 'mediapipe_pose_ros2' build argument 'cmake_clean_first' from command line to 'False'
[0.394s] Level 5:colcon.colcon_core.verb:set package 'mediapipe_pose_ros2' build argument 'cmake_force_configure' from command line to 'False'
[0.394s] Level 5:colcon.colcon_core.verb:set package 'mediapipe_pose_ros2' build argument 'ament_cmake_args' from command line to 'None'
[0.394s] Level 5:colcon.colcon_core.verb:set package 'mediapipe_pose_ros2' build argument 'catkin_cmake_args' from command line to 'None'
[0.394s] Level 5:colcon.colcon_core.verb:set package 'mediapipe_pose_ros2' build argument 'catkin_skip_building_tests' from command line to 'False'
[0.394s] DEBUG:colcon.colcon_core.verb:Building package 'mediapipe_pose_ros2' with the following arguments: {'ament_cmake_args': None, 'build_base': '/home/jonathanb/ros_cart/build/mediapipe_pose_ros2', 'catkin_cmake_args': None, 'catkin_skip_building_tests': False, 'cmake_args': None, 'cmake_clean_cache': False, 'cmake_clean_first': False, 'cmake_force_configure': False, 'cmake_target': None, 'cmake_target_skip_unavailable': False, 'install_base': '/home/jonathanb/ros_cart/install/mediapipe_pose_ros2', 'merge_install': False, 'path': '/home/jonathanb/ros_cart/src/mediapipe_pose_ros2', 'symlink_install': True, 'test_result_base': None}
[0.394s] INFO:colcon.colcon_core.executor:Executing jobs using 'parallel' executor
[0.395s] DEBUG:colcon.colcon_parallel_executor.executor.parallel:run_until_complete
[0.395s] INFO:colcon.colcon_ros.task.ament_python.build:Building ROS package in '/home/jonathanb/ros_cart/src/mediapipe_cam' with build type 'ament_python'
[0.395s] Level 1:colcon.colcon_core.shell:create_environment_hook('mediapipe_cam', 'ament_prefix_path')
[0.398s] INFO:colcon.colcon_core.plugin_system:Skipping extension 'colcon_core.shell.bat': Not used on non-Windows systems
[0.398s] INFO:colcon.colcon_core.shell:Creating environment hook '/home/jonathanb/ros_cart/install/mediapipe_cam/share/mediapipe_cam/hook/ament_prefix_path.ps1'
[0.399s] INFO:colcon.colcon_core.shell:Creating environment descriptor '/home/jonathanb/ros_cart/install/mediapipe_cam/share/mediapipe_cam/hook/ament_prefix_path.dsv'
[0.399s] INFO:colcon.colcon_core.shell:Creating environment hook '/home/jonathanb/ros_cart/install/mediapipe_cam/share/mediapipe_cam/hook/ament_prefix_path.sh'
[0.400s] INFO:colcon.colcon_core.shell:Skip shell extension 'powershell' for command environment: Not usable outside of PowerShell
[0.400s] DEBUG:colcon.colcon_core.shell:Skip shell extension 'dsv' for command environment
[0.403s] INFO:colcon.colcon_ros.task.ament_python.build:Building ROS package in '/home/jonathanb/ros_cart/src/mediapipe_pose_ros2' with build type 'ament_python'
[0.404s] Level 1:colcon.colcon_core.shell:create_environment_hook('mediapipe_pose_ros2', 'ament_prefix_path')
[0.404s] INFO:colcon.colcon_core.shell:Creating environment hook '/home/jonathanb/ros_cart/install/mediapipe_pose_ros2/share/mediapipe_pose_ros2/hook/ament_prefix_path.ps1'
[0.405s] INFO:colcon.colcon_core.shell:Creating environment descriptor '/home/jonathanb/ros_cart/install/mediapipe_pose_ros2/share/mediapipe_pose_ros2/hook/ament_prefix_path.dsv'
[0.405s] INFO:colcon.colcon_core.shell:Creating environment hook '/home/jonathanb/ros_cart/install/mediapipe_pose_ros2/share/mediapipe_pose_ros2/hook/ament_prefix_path.sh'
[0.406s] INFO:colcon.colcon_core.shell:Skip shell extension 'powershell' for command environment: Not usable outside of PowerShell
[0.406s] DEBUG:colcon.colcon_core.shell:Skip shell extension 'dsv' for command environment
[0.634s] WARNING:colcon.colcon_ros.task.ament_python.build:Package 'mediapipe_cam' doesn't explicitly install a marker in the package index (colcon-ros currently does it implicitly but that fallback will be removed in the future)
[0.634s] INFO:colcon.colcon_core.task.python.build:Building Python package in '/home/jonathanb/ros_cart/src/mediapipe_cam'
[0.634s] INFO:colcon.colcon_core.shell:Skip shell extension 'powershell' for command environment: Not usable outside of PowerShell
[0.634s] DEBUG:colcon.colcon_core.shell:Skip shell extension 'dsv' for command environment
[0.852s] WARNING:colcon.colcon_ros.task.ament_python.build:Package 'mediapipe_pose_ros2' doesn't explicitly install a marker in the package index (colcon-ros currently does it implicitly but that fallback will be removed in the future)
[0.852s] WARNING:colcon.colcon_ros.task.ament_python.build:Package 'mediapipe_pose_ros2' doesn't explicitly install the 'package.xml' file (colcon-ros currently does it implicitly but that fallback will be removed in the future)
[0.852s] INFO:colcon.colcon_core.task.python.build:Building Python package in '/home/jonathanb/ros_cart/src/mediapipe_pose_ros2'
[0.852s] INFO:colcon.colcon_core.shell:Skip shell extension 'powershell' for command environment: Not usable outside of PowerShell
[0.852s] DEBUG:colcon.colcon_core.shell:Skip shell extension 'dsv' for command environment
[1.173s] DEBUG:colcon.colcon_core.event_handler.log_command:Invoking command in '/home/jonathanb/ros_cart/build/mediapipe_cam': PYTHONPATH=/home/jonathanb/ros_cart/build/mediapipe_cam/prefix_override:/usr/lib/python3/dist-packages/colcon_core/task/python/colcon_distutils_commands:/home/jonathanb/ros_cart/install/mediapipe_cam/lib/python3.10/site-packages:${PYTHONPATH} /usr/bin/python3 -W ignore:setup.py install is deprecated -W ignore:easy_install command is deprecated setup.py develop --editable --build-directory /home/jonathanb/ros_cart/build/mediapipe_cam/build --no-deps symlink_data
[1.177s] DEBUG:colcon.colcon_core.event_handler.log_command:Invoking command in '/home/jonathanb/ros_cart/build/mediapipe_pose_ros2': PYTHONPATH=/home/jonathanb/ros_cart/build/mediapipe_pose_ros2/prefix_override:/usr/lib/python3/dist-packages/colcon_core/task/python/colcon_distutils_commands:/home/jonathanb/ros_cart/install/mediapipe_pose_ros2/lib/python3.10/site-packages:${PYTHONPATH} /usr/bin/python3 -W ignore:setup.py install is deprecated -W ignore:easy_install command is deprecated setup.py develop --editable --build-directory /home/jonathanb/ros_cart/build/mediapipe_pose_ros2/build --no-deps
[1.602s] Level 1:colcon.colcon_core.shell:create_environment_hook('mediapipe_pose_ros2', 'pythonpath_develop')
[1.602s] INFO:colcon.colcon_core.shell:Creating environment hook '/home/jonathanb/ros_cart/build/mediapipe_pose_ros2/share/mediapipe_pose_ros2/hook/pythonpath_develop.ps1'
[1.603s] DEBUG:colcon.colcon_core.event_handler.log_command:Invoked command in '/home/jonathanb/ros_cart/build/mediapipe_pose_ros2' returned '0': PYTHONPATH=/home/jonathanb/ros_cart/build/mediapipe_pose_ros2/prefix_override:/usr/lib/python3/dist-packages/colcon_core/task/python/colcon_distutils_commands:/home/jonathanb/ros_cart/install/mediapipe_pose_ros2/lib/python3.10/site-packages:${PYTHONPATH} /usr/bin/python3 -W ignore:setup.py install is deprecated -W ignore:easy_install command is deprecated setup.py develop --editable --build-directory /home/jonathanb/ros_cart/build/mediapipe_pose_ros2/build --no-deps
[1.603s] INFO:colcon.colcon_core.shell:Creating environment descriptor '/home/jonathanb/ros_cart/build/mediapipe_pose_ros2/share/mediapipe_pose_ros2/hook/pythonpath_develop.dsv'
[1.604s] INFO:colcon.colcon_core.shell:Creating environment hook '/home/jonathanb/ros_cart/build/mediapipe_pose_ros2/share/mediapipe_pose_ros2/hook/pythonpath_develop.sh'
[1.606s] Level 1:colcon.colcon_core.environment:checking '/home/jonathanb/ros_cart/install/mediapipe_pose_ros2' for CMake module files
[1.607s] Level 1:colcon.colcon_core.environment:checking '/home/jonathanb/ros_cart/install/mediapipe_pose_ros2' for CMake config files
[1.607s] Level 1:colcon.colcon_core.environment:checking '/home/jonathanb/ros_cart/install/mediapipe_pose_ros2/lib'
[1.607s] Level 1:colcon.colcon_core.environment:checking '/home/jonathanb/ros_cart/install/mediapipe_pose_ros2/bin'
[1.607s] Level 1:colcon.colcon_core.environment:checking '/home/jonathanb/ros_cart/install/mediapipe_pose_ros2/lib/pkgconfig/mediapipe_pose_ros2.pc'
[1.608s] Level 1:colcon.colcon_core.environment:checking '/home/jonathanb/ros_cart/install/mediapipe_pose_ros2/lib/python3.10/site-packages'
[1.608s] Level 1:colcon.colcon_core.shell:create_environment_hook('mediapipe_pose_ros2', 'pythonpath')
[1.608s] INFO:colcon.colcon_core.shell:Creating environment hook '/home/jonathanb/ros_cart/install/mediapipe_pose_ros2/share/mediapipe_pose_ros2/hook/pythonpath.ps1'
[1.609s] INFO:colcon.colcon_core.shell:Creating environment descriptor '/home/jonathanb/ros_cart/install/mediapipe_pose_ros2/share/mediapipe_pose_ros2/hook/pythonpath.dsv'
[1.609s] INFO:colcon.colcon_core.shell:Creating environment hook '/home/jonathanb/ros_cart/install/mediapipe_pose_ros2/share/mediapipe_pose_ros2/hook/pythonpath.sh'
[1.609s] Level 1:colcon.colcon_core.environment:checking '/home/jonathanb/ros_cart/install/mediapipe_pose_ros2/bin'
[1.610s] Level 1:colcon.colcon_core.environment:create_environment_scripts_only(mediapipe_pose_ros2)
[1.610s] INFO:colcon.colcon_core.shell:Creating package script '/home/jonathanb/ros_cart/install/mediapipe_pose_ros2/share/mediapipe_pose_ros2/package.ps1'
[1.611s] INFO:colcon.colcon_core.shell:Creating package descriptor '/home/jonathanb/ros_cart/install/mediapipe_pose_ros2/share/mediapipe_pose_ros2/package.dsv'
[1.611s] INFO:colcon.colcon_core.shell:Creating package script '/home/jonathanb/ros_cart/install/mediapipe_pose_ros2/share/mediapipe_pose_ros2/package.sh'
[1.612s] INFO:colcon.colcon_core.shell:Creating package script '/home/jonathanb/ros_cart/install/mediapipe_pose_ros2/share/mediapipe_pose_ros2/package.bash'
[1.613s] INFO:colcon.colcon_core.shell:Creating package script '/home/jonathanb/ros_cart/install/mediapipe_pose_ros2/share/mediapipe_pose_ros2/package.zsh'
[1.614s] Level 1:colcon.colcon_core.environment:create_file_with_runtime_dependencies(/home/jonathanb/ros_cart/install/mediapipe_pose_ros2/share/colcon-core/packages/mediapipe_pose_ros2)
[1.615s] Level 1:colcon.colcon_core.shell:create_environment_hook('mediapipe_cam', 'pythonpath_develop')
[1.615s] INFO:colcon.colcon_core.shell:Creating environment hook '/home/jonathanb/ros_cart/build/mediapipe_cam/share/mediapipe_cam/hook/pythonpath_develop.ps1'
[1.616s] DEBUG:colcon.colcon_core.event_handler.log_command:Invoked command in '/home/jonathanb/ros_cart/build/mediapipe_cam' returned '0': PYTHONPATH=/home/jonathanb/ros_cart/build/mediapipe_cam/prefix_override:/usr/lib/python3/dist-packages/colcon_core/task/python/colcon_distutils_commands:/home/jonathanb/ros_cart/install/mediapipe_cam/lib/python3.10/site-packages:${PYTHONPATH} /usr/bin/python3 -W ignore:setup.py install is deprecated -W ignore:easy_install command is deprecated setup.py develop --editable --build-directory /home/jonathanb/ros_cart/build/mediapipe_cam/build --no-deps symlink_data
[1.616s] INFO:colcon.colcon_core.shell:Creating environment descriptor '/home/jonathanb/ros_cart/build/mediapipe_cam/share/mediapipe_cam/hook/pythonpath_develop.dsv'
[1.617s] INFO:colcon.colcon_core.shell:Creating environment hook '/home/jonathanb/ros_cart/build/mediapipe_cam/share/mediapipe_cam/hook/pythonpath_develop.sh'
[1.617s] Level 1:colcon.colcon_core.environment:checking '/home/jonathanb/ros_cart/install/mediapipe_cam' for CMake module files
[1.617s] Level 1:colcon.colcon_core.environment:checking '/home/jonathanb/ros_cart/install/mediapipe_cam' for CMake config files
[1.618s] Level 1:colcon.colcon_core.environment:checking '/home/jonathanb/ros_cart/install/mediapipe_cam/lib'
[1.618s] Level 1:colcon.colcon_core.environment:checking '/home/jonathanb/ros_cart/install/mediapipe_cam/bin'
[1.618s] Level 1:colcon.colcon_core.environment:checking '/home/jonathanb/ros_cart/install/mediapipe_cam/lib/pkgconfig/mediapipe_cam.pc'
[1.618s] Level 1:colcon.colcon_core.environment:checking '/home/jonathanb/ros_cart/install/mediapipe_cam/lib/python3.10/site-packages'
[1.618s] Level 1:colcon.colcon_core.shell:create_environment_hook('mediapipe_cam', 'pythonpath')
[1.618s] INFO:colcon.colcon_core.shell:Creating environment hook '/home/jonathanb/ros_cart/install/mediapipe_cam/share/mediapipe_cam/hook/pythonpath.ps1'
[1.619s] INFO:colcon.colcon_core.shell:Creating environment descriptor '/home/jonathanb/ros_cart/install/mediapipe_cam/share/mediapipe_cam/hook/pythonpath.dsv'
[1.619s] INFO:colcon.colcon_core.shell:Creating environment hook '/home/jonathanb/ros_cart/install/mediapipe_cam/share/mediapipe_cam/hook/pythonpath.sh'
[1.620s] Level 1:colcon.colcon_core.environment:checking '/home/jonathanb/ros_cart/install/mediapipe_cam/bin'
[1.620s] Level 1:colcon.colcon_core.environment:create_environment_scripts_only(mediapipe_cam)
[1.620s] INFO:colcon.colcon_core.shell:Creating package script '/home/jonathanb/ros_cart/install/mediapipe_cam/share/mediapipe_cam/package.ps1'
[1.620s] INFO:colcon.colcon_core.shell:Creating package descriptor '/home/jonathanb/ros_cart/install/mediapipe_cam/share/mediapipe_cam/package.dsv'
[1.621s] INFO:colcon.colcon_core.shell:Creating package script '/home/jonathanb/ros_cart/install/mediapipe_cam/share/mediapipe_cam/package.sh'
[1.621s] INFO:colcon.colcon_core.shell:Creating package script '/home/jonathanb/ros_cart/install/mediapipe_cam/share/mediapipe_cam/package.bash'
[1.622s] INFO:colcon.colcon_core.shell:Creating package script '/home/jonathanb/ros_cart/install/mediapipe_cam/share/mediapipe_cam/package.zsh'
[1.622s] Level 1:colcon.colcon_core.environment:create_file_with_runtime_dependencies(/home/jonathanb/ros_cart/install/mediapipe_cam/share/colcon-core/packages/mediapipe_cam)
[1.622s] DEBUG:colcon.colcon_parallel_executor.executor.parallel:closing loop
[1.623s] DEBUG:colcon.colcon_parallel_executor.executor.parallel:loop closed
[1.623s] DEBUG:colcon.colcon_parallel_executor.executor.parallel:run_until_complete finished with '0'
[1.623s] DEBUG:colcon.colcon_core.event_reactor:joining thread
[1.666s] INFO:colcon.colcon_core.plugin_system:Skipping extension 'colcon_notification.desktop_notification.notify_send': Could not find 'notify-send'
[1.666s] INFO:colcon.colcon_core.plugin_system:Skipping extension 'colcon_notification.desktop_notification.terminal_notifier': Not used on non-Darwin systems
[1.667s] INFO:colcon.colcon_core.plugin_system:Skipping extension 'colcon_notification.desktop_notification.win32': Not used on non-Windows systems
[1.667s] INFO:colcon.colcon_notification.desktop_notification:Sending desktop notification using 'notify2'
[1.667s] DEBUG:colcon.colcon_notification.desktop_notification.notify2:Failed to initialize notify2: org.freedesktop.DBus.Error.FileNotFound: Failed to connect to socket /run/user/1000/bus: No such file or directory
[1.667s] DEBUG:colcon.colcon_core.event_reactor:joined thread
[1.667s] INFO:colcon.colcon_core.shell:Creating prefix script '/home/jonathanb/ros_cart/install/local_setup.ps1'
[1.668s] INFO:colcon.colcon_core.shell:Creating prefix util module '/home/jonathanb/ros_cart/install/_local_setup_util_ps1.py'
[1.669s] INFO:colcon.colcon_core.shell:Creating prefix chain script '/home/jonathanb/ros_cart/install/setup.ps1'
[1.670s] INFO:colcon.colcon_core.shell:Creating prefix script '/home/jonathanb/ros_cart/install/local_setup.sh'
[1.670s] INFO:colcon.colcon_core.shell:Creating prefix util module '/home/jonathanb/ros_cart/install/_local_setup_util_sh.py'
[1.671s] INFO:colcon.colcon_core.shell:Creating prefix chain script '/home/jonathanb/ros_cart/install/setup.sh'
[1.671s] INFO:colcon.colcon_core.shell:Creating prefix script '/home/jonathanb/ros_cart/install/local_setup.bash'
[1.672s] INFO:colcon.colcon_core.shell:Creating prefix chain script '/home/jonathanb/ros_cart/install/setup.bash'
[1.673s] INFO:colcon.colcon_core.shell:Creating prefix script '/home/jonathanb/ros_cart/install/local_setup.zsh'
[1.673s] INFO:colcon.colcon_core.shell:Creating prefix chain script '/home/jonathanb/ros_cart/install/setup.zsh'
