[0.168s] DEBUG:colcon:Command line arguments: ['/usr/bin/colcon', 'build', '--symlink-install']
[0.168s] DEBUG:colcon:Parsed command line arguments: Namespace(log_base=None, log_level=None, verb_name='build', build_base='build', install_base='install', merge_install=False, symlink_install=True, test_result_base=None, continue_on_error=False, executor='parallel', parallel_workers=12, event_handlers=None, ignore_user_meta=False, metas=['./colcon.meta'], base_paths=['.'], packages_ignore=None, packages_ignore_regex=None, paths=None, packages_up_to=None, packages_up_to_regex=None, packages_above=None, packages_above_and_dependencies=None, packages_above_depth=None, packages_select_by_dep=None, packages_skip_by_dep=None, packages_skip_up_to=None, packages_select_build_failed=False, packages_skip_build_finished=False, packages_select_test_failures=False, packages_skip_test_passed=False, packages_select=None, packages_skip=None, packages_select_regex=None, packages_skip_regex=None, packages_start=None, packages_end=None, allow_overriding=[], cmake_args=None, cmake_target=None, cmake_target_skip_unavailable=False, cmake_clean_cache=False, cmake_clean_first=False, cmake_force_configure=False, ament_cmake_args=None, catkin_cmake_args=None, catkin_skip_building_tests=False, verb_parser=<colcon_defaults.argument_parser.defaults.DefaultArgumentsDecorator object at 0x755de5f10ac0>, verb_extension=<colcon_core.verb.build.BuildVerb object at 0x755de60c9810>, main=<bound method BuildVerb.main of <colcon_core.verb.build.BuildVerb object at 0x755de60c9810>>)
[0.479s] Level 1:colcon.colcon_core.package_discovery:discover_packages(colcon_meta) check parameters
[0.479s] Level 1:colcon.colcon_core.package_discovery:discover_packages(recursive) check parameters
[0.479s] Level 1:colcon.colcon_core.package_discovery:discover_packages(ignore) check parameters
[0.479s] Level 1:colcon.colcon_core.package_discovery:discover_packages(path) check parameters
[0.479s] Level 1:colcon.colcon_core.package_discovery:discover_packages(colcon_meta) discover
[0.479s] Level 1:colcon.colcon_core.package_discovery:discover_packages(recursive) discover
[0.479s] INFO:colcon.colcon_core.package_discovery:Crawling recursively for packages in '/home/jonathanb/ros_cart'
[0.479s] Level 1:colcon.colcon_core.package_identification:_identify(.) by extensions ['ignore', 'ignore_ament_install']
[0.480s] Level 1:colcon.colcon_core.package_identification:_identify(.) by extension 'ignore'
[0.480s] Level 1:colcon.colcon_core.package_identification:_identify(.) by extension 'ignore_ament_install'
[0.480s] Level 1:colcon.colcon_core.package_identification:_identify(.) by extensions ['colcon_pkg']
[0.480s] Level 1:colcon.colcon_core.package_identification:_identify(.) by extension 'colcon_pkg'
[0.480s] Level 1:colcon.colcon_core.package_identification:_identify(.) by extensions ['colcon_meta']
[0.480s] Level 1:colcon.colcon_core.package_identification:_identify(.) by extension 'colcon_meta'
[0.480s] Level 1:colcon.colcon_core.package_identification:_identify(.) by extensions ['ros']
[0.480s] Level 1:colcon.colcon_core.package_identification:_identify(.) by extension 'ros'
[0.491s] Level 1:colcon.colcon_core.package_identification:_identify(.) by extensions ['cmake', 'python']
[0.491s] Level 1:colcon.colcon_core.package_identification:_identify(.) by extension 'cmake'
[0.491s] Level 1:colcon.colcon_core.package_identification:_identify(.) by extension 'python'
[0.491s] Level 1:colcon.colcon_core.package_identification:_identify(.) by extensions ['python_setup_py']
[0.491s] Level 1:colcon.colcon_core.package_identification:_identify(.) by extension 'python_setup_py'
[0.491s] Level 1:colcon.colcon_core.package_identification:_identify(build) by extensions ['ignore', 'ignore_ament_install']
[0.491s] Level 1:colcon.colcon_core.package_identification:_identify(build) by extension 'ignore'
[0.491s] Level 1:colcon.colcon_core.package_identification:_identify(build) ignored
[0.491s] Level 1:colcon.colcon_core.package_identification:_identify(install) by extensions ['ignore', 'ignore_ament_install']
[0.492s] Level 1:colcon.colcon_core.package_identification:_identify(install) by extension 'ignore'
[0.492s] Level 1:colcon.colcon_core.package_identification:_identify(install) ignored
[0.492s] Level 1:colcon.colcon_core.package_identification:_identify(log) by extensions ['ignore', 'ignore_ament_install']
[0.492s] Level 1:colcon.colcon_core.package_identification:_identify(log) by extension 'ignore'
[0.492s] Level 1:colcon.colcon_core.package_identification:_identify(log) ignored
[0.492s] Level 1:colcon.colcon_core.package_identification:_identify(src) by extensions ['ignore', 'ignore_ament_install']
[0.492s] Level 1:colcon.colcon_core.package_identification:_identify(src) by extension 'ignore'
[0.492s] Level 1:colcon.colcon_core.package_identification:_identify(src) by extension 'ignore_ament_install'
[0.492s] Level 1:colcon.colcon_core.package_identification:_identify(src) by extensions ['colcon_pkg']
[0.492s] Level 1:colcon.colcon_core.package_identification:_identify(src) by extension 'colcon_pkg'
[0.492s] Level 1:colcon.colcon_core.package_identification:_identify(src) by extensions ['colcon_meta']
[0.492s] Level 1:colcon.colcon_core.package_identification:_identify(src) by extension 'colcon_meta'
[0.492s] Level 1:colcon.colcon_core.package_identification:_identify(src) by extensions ['ros']
[0.492s] Level 1:colcon.colcon_core.package_identification:_identify(src) by extension 'ros'
[0.492s] Level 1:colcon.colcon_core.package_identification:_identify(src) by extensions ['cmake', 'python']
[0.492s] Level 1:colcon.colcon_core.package_identification:_identify(src) by extension 'cmake'
[0.492s] Level 1:colcon.colcon_core.package_identification:_identify(src) by extension 'python'
[0.492s] Level 1:colcon.colcon_core.package_identification:_identify(src) by extensions ['python_setup_py']
[0.492s] Level 1:colcon.colcon_core.package_identification:_identify(src) by extension 'python_setup_py'
[0.493s] Level 1:colcon.colcon_core.package_identification:_identify(src/mediapipe_cam) by extensions ['ignore', 'ignore_ament_install']
[0.493s] Level 1:colcon.colcon_core.package_identification:_identify(src/mediapipe_cam) by extension 'ignore'
[0.493s] Level 1:colcon.colcon_core.package_identification:_identify(src/mediapipe_cam) by extension 'ignore_ament_install'
[0.493s] Level 1:colcon.colcon_core.package_identification:_identify(src/mediapipe_cam) by extensions ['colcon_pkg']
[0.493s] Level 1:colcon.colcon_core.package_identification:_identify(src/mediapipe_cam) by extension 'colcon_pkg'
[0.493s] Level 1:colcon.colcon_core.package_identification:_identify(src/mediapipe_cam) by extensions ['colcon_meta']
[0.493s] Level 1:colcon.colcon_core.package_identification:_identify(src/mediapipe_cam) by extension 'colcon_meta'
[0.493s] Level 1:colcon.colcon_core.package_identification:_identify(src/mediapipe_cam) by extensions ['ros']
[0.493s] Level 1:colcon.colcon_core.package_identification:_identify(src/mediapipe_cam) by extension 'ros'
[0.497s] DEBUG:colcon.colcon_core.package_identification:Package 'src/mediapipe_cam' with type 'ros.ament_python' and name 'mediapipe_cam'
[0.497s] Level 1:colcon.colcon_core.package_identification:_identify(src/mediapipe_pose) by extensions ['ignore', 'ignore_ament_install']
[0.497s] Level 1:colcon.colcon_core.package_identification:_identify(src/mediapipe_pose) by extension 'ignore'
[0.497s] Level 1:colcon.colcon_core.package_identification:_identify(src/mediapipe_pose) by extension 'ignore_ament_install'
[0.497s] Level 1:colcon.colcon_core.package_identification:_identify(src/mediapipe_pose) by extensions ['colcon_pkg']
[0.498s] Level 1:colcon.colcon_core.package_identification:_identify(src/mediapipe_pose) by extension 'colcon_pkg'
[0.498s] Level 1:colcon.colcon_core.package_identification:_identify(src/mediapipe_pose) by extensions ['colcon_meta']
[0.498s] Level 1:colcon.colcon_core.package_identification:_identify(src/mediapipe_pose) by extension 'colcon_meta'
[0.498s] Level 1:colcon.colcon_core.package_identification:_identify(src/mediapipe_pose) by extensions ['ros']
[0.498s] Level 1:colcon.colcon_core.package_identification:_identify(src/mediapipe_pose) by extension 'ros'
[0.498s] DEBUG:colcon.colcon_core.package_identification:Failed to parse potential ROS package manifest in'src/mediapipe_pose': Error(s) in package 'src/mediapipe_pose/package.xml':
The manifest contains invalid XML:
mismatched tag: line 24, column 2
[0.498s] Level 1:colcon.colcon_core.package_identification:_identify(src/mediapipe_pose) by extensions ['cmake', 'python']
[0.498s] Level 1:colcon.colcon_core.package_identification:_identify(src/mediapipe_pose) by extension 'cmake'
[0.498s] Level 1:colcon.colcon_core.package_identification:_identify(src/mediapipe_pose) by extension 'python'
[0.498s] DEBUG:colcon.colcon_core.package_identification:Python package in 'src/mediapipe_pose' passes arguments to the setup() function which requires a different identification extension than 'python'
[0.498s] Level 1:colcon.colcon_core.package_identification:_identify(src/mediapipe_pose) by extensions ['python_setup_py']
[0.498s] Level 1:colcon.colcon_core.package_identification:_identify(src/mediapipe_pose) by extension 'python_setup_py'
[0.726s] ERROR:colcon.colcon_core.package_identification:Exception in package identification extension 'python_setup_py' in 'src/mediapipe_pose': Command '['/usr/bin/python3', '-c', 'import sys;from contextlib import suppress;exec("with suppress(ImportError):    from setuptools.extern.packaging.specifiers    import SpecifierSet");exec("with suppress(ImportError):    from packaging.specifiers import SpecifierSet");from distutils.core import run_setup;dist = run_setup(    \'setup.py\', script_args=(\'--dry-run\',), stop_after=\'config\');skip_keys = (\'cmdclass\', \'distclass\', \'ext_modules\', \'metadata\');data = {    key: value for key, value in dist.__dict__.items()     if (        not key.startswith(\'_\') and         not callable(value) and         key not in skip_keys and         key not in dist.display_option_names    )};data[\'metadata\'] = {    k: v for k, v in dist.metadata.__dict__.items()     if k not in (\'license_files\', \'provides_extras\')};sys.stdout.buffer.write(repr(data).encode(\'utf-8\'))']' returned non-zero exit status 1.
Traceback (most recent call last):
  File "/usr/lib/python3/dist-packages/colcon_core/package_identification/__init__.py", line 144, in _identify
    retval = extension.identify(_reused_descriptor_instance)
  File "/usr/lib/python3/dist-packages/colcon_python_setup_py/package_identification/python_setup_py.py", line 48, in identify
    config = get_setup_information(setup_py)
  File "/usr/lib/python3/dist-packages/colcon_python_setup_py/package_identification/python_setup_py.py", line 249, in get_setup_information
    _setup_information_cache[hashable_env] = _get_setup_information(
  File "/usr/lib/python3/dist-packages/colcon_python_setup_py/package_identification/python_setup_py.py", line 296, in _get_setup_information
    result = subprocess.run(
  File "/usr/lib/python3.10/subprocess.py", line 526, in run
    raise CalledProcessError(retcode, process.args,
subprocess.CalledProcessError: Command '['/usr/bin/python3', '-c', 'import sys;from contextlib import suppress;exec("with suppress(ImportError):    from setuptools.extern.packaging.specifiers    import SpecifierSet");exec("with suppress(ImportError):    from packaging.specifiers import SpecifierSet");from distutils.core import run_setup;dist = run_setup(    \'setup.py\', script_args=(\'--dry-run\',), stop_after=\'config\');skip_keys = (\'cmdclass\', \'distclass\', \'ext_modules\', \'metadata\');data = {    key: value for key, value in dist.__dict__.items()     if (        not key.startswith(\'_\') and         not callable(value) and         key not in skip_keys and         key not in dist.display_option_names    )};data[\'metadata\'] = {    k: v for k, v in dist.metadata.__dict__.items()     if k not in (\'license_files\', \'provides_extras\')};sys.stdout.buffer.write(repr(data).encode(\'utf-8\'))']' returned non-zero exit status 1.

[0.726s] Level 1:colcon.colcon_core.package_identification:_identify(src/mediapipe_pose/mediapipe_pose) by extensions ['ignore', 'ignore_ament_install']
[0.726s] Level 1:colcon.colcon_core.package_identification:_identify(src/mediapipe_pose/mediapipe_pose) by extension 'ignore'
[0.726s] Level 1:colcon.colcon_core.package_identification:_identify(src/mediapipe_pose/mediapipe_pose) by extension 'ignore_ament_install'
[0.726s] Level 1:colcon.colcon_core.package_identification:_identify(src/mediapipe_pose/mediapipe_pose) by extensions ['colcon_pkg']
[0.726s] Level 1:colcon.colcon_core.package_identification:_identify(src/mediapipe_pose/mediapipe_pose) by extension 'colcon_pkg'
[0.726s] Level 1:colcon.colcon_core.package_identification:_identify(src/mediapipe_pose/mediapipe_pose) by extensions ['colcon_meta']
[0.726s] Level 1:colcon.colcon_core.package_identification:_identify(src/mediapipe_pose/mediapipe_pose) by extension 'colcon_meta'
[0.726s] Level 1:colcon.colcon_core.package_identification:_identify(src/mediapipe_pose/mediapipe_pose) by extensions ['ros']
[0.726s] Level 1:colcon.colcon_core.package_identification:_identify(src/mediapipe_pose/mediapipe_pose) by extension 'ros'
[0.726s] Level 1:colcon.colcon_core.package_identification:_identify(src/mediapipe_pose/mediapipe_pose) by extensions ['cmake', 'python']
[0.726s] Level 1:colcon.colcon_core.package_identification:_identify(src/mediapipe_pose/mediapipe_pose) by extension 'cmake'
[0.726s] Level 1:colcon.colcon_core.package_identification:_identify(src/mediapipe_pose/mediapipe_pose) by extension 'python'
[0.726s] Level 1:colcon.colcon_core.package_identification:_identify(src/mediapipe_pose/mediapipe_pose) by extensions ['python_setup_py']
[0.726s] Level 1:colcon.colcon_core.package_identification:_identify(src/mediapipe_pose/mediapipe_pose) by extension 'python_setup_py'
[0.727s] Level 1:colcon.colcon_core.package_identification:_identify(src/mediapipe_pose/mediapipe_pose/__pycache__) by extensions ['ignore', 'ignore_ament_install']
[0.727s] Level 1:colcon.colcon_core.package_identification:_identify(src/mediapipe_pose/mediapipe_pose/__pycache__) by extension 'ignore'
[0.727s] Level 1:colcon.colcon_core.package_identification:_identify(src/mediapipe_pose/mediapipe_pose/__pycache__) by extension 'ignore_ament_install'
[0.727s] Level 1:colcon.colcon_core.package_identification:_identify(src/mediapipe_pose/mediapipe_pose/__pycache__) by extensions ['colcon_pkg']
[0.727s] Level 1:colcon.colcon_core.package_identification:_identify(src/mediapipe_pose/mediapipe_pose/__pycache__) by extension 'colcon_pkg'
[0.727s] Level 1:colcon.colcon_core.package_identification:_identify(src/mediapipe_pose/mediapipe_pose/__pycache__) by extensions ['colcon_meta']
[0.727s] Level 1:colcon.colcon_core.package_identification:_identify(src/mediapipe_pose/mediapipe_pose/__pycache__) by extension 'colcon_meta'
[0.727s] Level 1:colcon.colcon_core.package_identification:_identify(src/mediapipe_pose/mediapipe_pose/__pycache__) by extensions ['ros']
[0.727s] Level 1:colcon.colcon_core.package_identification:_identify(src/mediapipe_pose/mediapipe_pose/__pycache__) by extension 'ros'
[0.727s] Level 1:colcon.colcon_core.package_identification:_identify(src/mediapipe_pose/mediapipe_pose/__pycache__) by extensions ['cmake', 'python']
[0.727s] Level 1:colcon.colcon_core.package_identification:_identify(src/mediapipe_pose/mediapipe_pose/__pycache__) by extension 'cmake'
[0.727s] Level 1:colcon.colcon_core.package_identification:_identify(src/mediapipe_pose/mediapipe_pose/__pycache__) by extension 'python'
[0.727s] Level 1:colcon.colcon_core.package_identification:_identify(src/mediapipe_pose/mediapipe_pose/__pycache__) by extensions ['python_setup_py']
[0.727s] Level 1:colcon.colcon_core.package_identification:_identify(src/mediapipe_pose/mediapipe_pose/__pycache__) by extension 'python_setup_py'
[0.727s] Level 1:colcon.colcon_core.package_identification:_identify(src/mediapipe_pose/resource) by extensions ['ignore', 'ignore_ament_install']
[0.727s] Level 1:colcon.colcon_core.package_identification:_identify(src/mediapipe_pose/resource) by extension 'ignore'
[0.727s] Level 1:colcon.colcon_core.package_identification:_identify(src/mediapipe_pose/resource) by extension 'ignore_ament_install'
[0.727s] Level 1:colcon.colcon_core.package_identification:_identify(src/mediapipe_pose/resource) by extensions ['colcon_pkg']
[0.727s] Level 1:colcon.colcon_core.package_identification:_identify(src/mediapipe_pose/resource) by extension 'colcon_pkg'
[0.727s] Level 1:colcon.colcon_core.package_identification:_identify(src/mediapipe_pose/resource) by extensions ['colcon_meta']
[0.727s] Level 1:colcon.colcon_core.package_identification:_identify(src/mediapipe_pose/resource) by extension 'colcon_meta'
[0.728s] Level 1:colcon.colcon_core.package_identification:_identify(src/mediapipe_pose/resource) by extensions ['ros']
[0.728s] Level 1:colcon.colcon_core.package_identification:_identify(src/mediapipe_pose/resource) by extension 'ros'
[0.728s] Level 1:colcon.colcon_core.package_identification:_identify(src/mediapipe_pose/resource) by extensions ['cmake', 'python']
[0.728s] Level 1:colcon.colcon_core.package_identification:_identify(src/mediapipe_pose/resource) by extension 'cmake'
[0.728s] Level 1:colcon.colcon_core.package_identification:_identify(src/mediapipe_pose/resource) by extension 'python'
[0.728s] Level 1:colcon.colcon_core.package_identification:_identify(src/mediapipe_pose/resource) by extensions ['python_setup_py']
[0.728s] Level 1:colcon.colcon_core.package_identification:_identify(src/mediapipe_pose/resource) by extension 'python_setup_py'
[0.728s] Level 1:colcon.colcon_core.package_identification:_identify(src/mediapipe_pose/test) by extensions ['ignore', 'ignore_ament_install']
[0.728s] Level 1:colcon.colcon_core.package_identification:_identify(src/mediapipe_pose/test) by extension 'ignore'
[0.728s] Level 1:colcon.colcon_core.package_identification:_identify(src/mediapipe_pose/test) by extension 'ignore_ament_install'
[0.728s] Level 1:colcon.colcon_core.package_identification:_identify(src/mediapipe_pose/test) by extensions ['colcon_pkg']
[0.728s] Level 1:colcon.colcon_core.package_identification:_identify(src/mediapipe_pose/test) by extension 'colcon_pkg'
[0.728s] Level 1:colcon.colcon_core.package_identification:_identify(src/mediapipe_pose/test) by extensions ['colcon_meta']
[0.728s] Level 1:colcon.colcon_core.package_identification:_identify(src/mediapipe_pose/test) by extension 'colcon_meta'
[0.728s] Level 1:colcon.colcon_core.package_identification:_identify(src/mediapipe_pose/test) by extensions ['ros']
[0.728s] Level 1:colcon.colcon_core.package_identification:_identify(src/mediapipe_pose/test) by extension 'ros'
[0.728s] Level 1:colcon.colcon_core.package_identification:_identify(src/mediapipe_pose/test) by extensions ['cmake', 'python']
[0.728s] Level 1:colcon.colcon_core.package_identification:_identify(src/mediapipe_pose/test) by extension 'cmake'
[0.728s] Level 1:colcon.colcon_core.package_identification:_identify(src/mediapipe_pose/test) by extension 'python'
[0.728s] Level 1:colcon.colcon_core.package_identification:_identify(src/mediapipe_pose/test) by extensions ['python_setup_py']
[0.728s] Level 1:colcon.colcon_core.package_identification:_identify(src/mediapipe_pose/test) by extension 'python_setup_py'
[0.729s] Level 1:colcon.colcon_core.package_discovery:discover_packages(recursive) using defaults
[0.729s] Level 1:colcon.colcon_core.package_discovery:discover_packages(ignore) discover
[0.729s] Level 1:colcon.colcon_core.package_discovery:discover_packages(ignore) using defaults
[0.729s] Level 1:colcon.colcon_core.package_discovery:discover_packages(path) discover
[0.729s] Level 1:colcon.colcon_core.package_discovery:discover_packages(path) using defaults
[0.761s] Level 1:colcon.colcon_core.package_discovery:discover_packages(prefix_path) check parameters
[0.761s] Level 1:colcon.colcon_core.package_discovery:discover_packages(prefix_path) discover
[0.766s] DEBUG:colcon.colcon_installed_package_information.package_discovery:Found 2 installed packages in /home/jonathanb/ros_cart/install
[0.768s] DEBUG:colcon.colcon_installed_package_information.package_discovery:Found 339 installed packages in /opt/ros/humble
[0.777s] Level 1:colcon.colcon_core.package_discovery:discover_packages(prefix_path) using defaults
[0.865s] Level 5:colcon.colcon_core.verb:set package 'mediapipe_cam' build argument 'cmake_args' from command line to 'None'
[0.865s] Level 5:colcon.colcon_core.verb:set package 'mediapipe_cam' build argument 'cmake_target' from command line to 'None'
[0.865s] Level 5:colcon.colcon_core.verb:set package 'mediapipe_cam' build argument 'cmake_target_skip_unavailable' from command line to 'False'
[0.865s] Level 5:colcon.colcon_core.verb:set package 'mediapipe_cam' build argument 'cmake_clean_cache' from command line to 'False'
[0.865s] Level 5:colcon.colcon_core.verb:set package 'mediapipe_cam' build argument 'cmake_clean_first' from command line to 'False'
[0.865s] Level 5:colcon.colcon_core.verb:set package 'mediapipe_cam' build argument 'cmake_force_configure' from command line to 'False'
[0.865s] Level 5:colcon.colcon_core.verb:set package 'mediapipe_cam' build argument 'ament_cmake_args' from command line to 'None'
[0.865s] Level 5:colcon.colcon_core.verb:set package 'mediapipe_cam' build argument 'catkin_cmake_args' from command line to 'None'
[0.865s] Level 5:colcon.colcon_core.verb:set package 'mediapipe_cam' build argument 'catkin_skip_building_tests' from command line to 'False'
[0.865s] DEBUG:colcon.colcon_core.verb:Building package 'mediapipe_cam' with the following arguments: {'ament_cmake_args': None, 'build_base': '/home/jonathanb/ros_cart/build/mediapipe_cam', 'catkin_cmake_args': None, 'catkin_skip_building_tests': False, 'cmake_args': None, 'cmake_clean_cache': False, 'cmake_clean_first': False, 'cmake_force_configure': False, 'cmake_target': None, 'cmake_target_skip_unavailable': False, 'install_base': '/home/jonathanb/ros_cart/install/mediapipe_cam', 'merge_install': False, 'path': '/home/jonathanb/ros_cart/src/mediapipe_cam', 'symlink_install': True, 'test_result_base': None}
[0.865s] INFO:colcon.colcon_core.executor:Executing jobs using 'parallel' executor
[0.867s] DEBUG:colcon.colcon_parallel_executor.executor.parallel:run_until_complete
[0.867s] INFO:colcon.colcon_ros.task.ament_python.build:Building ROS package in '/home/jonathanb/ros_cart/src/mediapipe_cam' with build type 'ament_python'
[0.867s] Level 1:colcon.colcon_core.shell:create_environment_hook('mediapipe_cam', 'ament_prefix_path')
[0.875s] INFO:colcon.colcon_core.plugin_system:Skipping extension 'colcon_core.shell.bat': Not used on non-Windows systems
[0.875s] INFO:colcon.colcon_core.shell:Creating environment hook '/home/jonathanb/ros_cart/install/mediapipe_cam/share/mediapipe_cam/hook/ament_prefix_path.ps1'
[0.877s] INFO:colcon.colcon_core.shell:Creating environment descriptor '/home/jonathanb/ros_cart/install/mediapipe_cam/share/mediapipe_cam/hook/ament_prefix_path.dsv'
[0.877s] INFO:colcon.colcon_core.shell:Creating environment hook '/home/jonathanb/ros_cart/install/mediapipe_cam/share/mediapipe_cam/hook/ament_prefix_path.sh'
[0.878s] INFO:colcon.colcon_core.shell:Skip shell extension 'powershell' for command environment: Not usable outside of PowerShell
[0.878s] DEBUG:colcon.colcon_core.shell:Skip shell extension 'dsv' for command environment
[1.091s] WARNING:colcon.colcon_ros.task.ament_python.build:Package 'mediapipe_cam' doesn't explicitly install a marker in the package index (colcon-ros currently does it implicitly but that fallback will be removed in the future)
[1.091s] INFO:colcon.colcon_core.task.python.build:Building Python package in '/home/jonathanb/ros_cart/src/mediapipe_cam'
[1.091s] INFO:colcon.colcon_core.shell:Skip shell extension 'powershell' for command environment: Not usable outside of PowerShell
[1.091s] DEBUG:colcon.colcon_core.shell:Skip shell extension 'dsv' for command environment
[1.536s] DEBUG:colcon.colcon_core.event_handler.log_command:Invoking command in '/home/jonathanb/ros_cart/build/mediapipe_cam': PYTHONPATH=/home/jonathanb/ros_cart/build/mediapipe_cam/prefix_override:/usr/lib/python3/dist-packages/colcon_core/task/python/colcon_distutils_commands:/home/jonathanb/ros_cart/install/mediapipe_cam/lib/python3.10/site-packages:${PYTHONPATH} /usr/bin/python3 -W ignore:setup.py install is deprecated -W ignore:easy_install command is deprecated setup.py develop --editable --build-directory /home/jonathanb/ros_cart/build/mediapipe_cam/build --no-deps symlink_data
[1.914s] Level 1:colcon.colcon_core.shell:create_environment_hook('mediapipe_cam', 'pythonpath_develop')
[1.915s] INFO:colcon.colcon_core.shell:Creating environment hook '/home/jonathanb/ros_cart/build/mediapipe_cam/share/mediapipe_cam/hook/pythonpath_develop.ps1'
[1.916s] DEBUG:colcon.colcon_core.event_handler.log_command:Invoked command in '/home/jonathanb/ros_cart/build/mediapipe_cam' returned '0': PYTHONPATH=/home/jonathanb/ros_cart/build/mediapipe_cam/prefix_override:/usr/lib/python3/dist-packages/colcon_core/task/python/colcon_distutils_commands:/home/jonathanb/ros_cart/install/mediapipe_cam/lib/python3.10/site-packages:${PYTHONPATH} /usr/bin/python3 -W ignore:setup.py install is deprecated -W ignore:easy_install command is deprecated setup.py develop --editable --build-directory /home/jonathanb/ros_cart/build/mediapipe_cam/build --no-deps symlink_data
[1.916s] INFO:colcon.colcon_core.shell:Creating environment descriptor '/home/jonathanb/ros_cart/build/mediapipe_cam/share/mediapipe_cam/hook/pythonpath_develop.dsv'
[1.916s] INFO:colcon.colcon_core.shell:Creating environment hook '/home/jonathanb/ros_cart/build/mediapipe_cam/share/mediapipe_cam/hook/pythonpath_develop.sh'
[1.923s] Level 1:colcon.colcon_core.environment:checking '/home/jonathanb/ros_cart/install/mediapipe_cam' for CMake module files
[1.924s] Level 1:colcon.colcon_core.environment:checking '/home/jonathanb/ros_cart/install/mediapipe_cam' for CMake config files
[1.924s] Level 1:colcon.colcon_core.environment:checking '/home/jonathanb/ros_cart/install/mediapipe_cam/lib'
[1.924s] Level 1:colcon.colcon_core.environment:checking '/home/jonathanb/ros_cart/install/mediapipe_cam/bin'
[1.924s] Level 1:colcon.colcon_core.environment:checking '/home/jonathanb/ros_cart/install/mediapipe_cam/lib/pkgconfig/mediapipe_cam.pc'
[1.925s] Level 1:colcon.colcon_core.environment:checking '/home/jonathanb/ros_cart/install/mediapipe_cam/lib/python3.10/site-packages'
[1.925s] Level 1:colcon.colcon_core.shell:create_environment_hook('mediapipe_cam', 'pythonpath')
[1.925s] INFO:colcon.colcon_core.shell:Creating environment hook '/home/jonathanb/ros_cart/install/mediapipe_cam/share/mediapipe_cam/hook/pythonpath.ps1'
[1.925s] INFO:colcon.colcon_core.shell:Creating environment descriptor '/home/jonathanb/ros_cart/install/mediapipe_cam/share/mediapipe_cam/hook/pythonpath.dsv'
[1.925s] INFO:colcon.colcon_core.shell:Creating environment hook '/home/jonathanb/ros_cart/install/mediapipe_cam/share/mediapipe_cam/hook/pythonpath.sh'
[1.926s] Level 1:colcon.colcon_core.environment:checking '/home/jonathanb/ros_cart/install/mediapipe_cam/bin'
[1.926s] Level 1:colcon.colcon_core.environment:create_environment_scripts_only(mediapipe_cam)
[1.926s] INFO:colcon.colcon_core.shell:Creating package script '/home/jonathanb/ros_cart/install/mediapipe_cam/share/mediapipe_cam/package.ps1'
[1.927s] INFO:colcon.colcon_core.shell:Creating package descriptor '/home/jonathanb/ros_cart/install/mediapipe_cam/share/mediapipe_cam/package.dsv'
[1.928s] INFO:colcon.colcon_core.shell:Creating package script '/home/jonathanb/ros_cart/install/mediapipe_cam/share/mediapipe_cam/package.sh'
[1.928s] INFO:colcon.colcon_core.shell:Creating package script '/home/jonathanb/ros_cart/install/mediapipe_cam/share/mediapipe_cam/package.bash'
[1.930s] INFO:colcon.colcon_core.shell:Creating package script '/home/jonathanb/ros_cart/install/mediapipe_cam/share/mediapipe_cam/package.zsh'
[1.931s] Level 1:colcon.colcon_core.environment:create_file_with_runtime_dependencies(/home/jonathanb/ros_cart/install/mediapipe_cam/share/colcon-core/packages/mediapipe_cam)
[1.931s] DEBUG:colcon.colcon_parallel_executor.executor.parallel:closing loop
[1.931s] DEBUG:colcon.colcon_parallel_executor.executor.parallel:loop closed
[1.932s] DEBUG:colcon.colcon_parallel_executor.executor.parallel:run_until_complete finished with '0'
[1.932s] DEBUG:colcon.colcon_core.event_reactor:joining thread
[1.978s] INFO:colcon.colcon_core.plugin_system:Skipping extension 'colcon_notification.desktop_notification.notify_send': Could not find 'notify-send'
[1.978s] INFO:colcon.colcon_core.plugin_system:Skipping extension 'colcon_notification.desktop_notification.terminal_notifier': Not used on non-Darwin systems
[1.978s] INFO:colcon.colcon_core.plugin_system:Skipping extension 'colcon_notification.desktop_notification.win32': Not used on non-Windows systems
[1.979s] INFO:colcon.colcon_notification.desktop_notification:Sending desktop notification using 'notify2'
[1.980s] DEBUG:colcon.colcon_notification.desktop_notification.notify2:Failed to initialize notify2: org.freedesktop.DBus.Error.ServiceUnknown: The name org.freedesktop.Notifications was not provided by any .service files
[1.980s] DEBUG:colcon.colcon_core.event_reactor:joined thread
[1.980s] INFO:colcon.colcon_core.shell:Creating prefix script '/home/jonathanb/ros_cart/install/local_setup.ps1'
[1.982s] INFO:colcon.colcon_core.shell:Creating prefix util module '/home/jonathanb/ros_cart/install/_local_setup_util_ps1.py'
[1.983s] INFO:colcon.colcon_core.shell:Creating prefix chain script '/home/jonathanb/ros_cart/install/setup.ps1'
[1.984s] INFO:colcon.colcon_core.shell:Creating prefix script '/home/jonathanb/ros_cart/install/local_setup.sh'
[1.985s] INFO:colcon.colcon_core.shell:Creating prefix util module '/home/jonathanb/ros_cart/install/_local_setup_util_sh.py'
[1.985s] INFO:colcon.colcon_core.shell:Creating prefix chain script '/home/jonathanb/ros_cart/install/setup.sh'
[1.986s] INFO:colcon.colcon_core.shell:Creating prefix script '/home/jonathanb/ros_cart/install/local_setup.bash'
[1.987s] INFO:colcon.colcon_core.shell:Creating prefix chain script '/home/jonathanb/ros_cart/install/setup.bash'
[1.988s] INFO:colcon.colcon_core.shell:Creating prefix script '/home/jonathanb/ros_cart/install/local_setup.zsh'
[1.988s] INFO:colcon.colcon_core.shell:Creating prefix chain script '/home/jonathanb/ros_cart/install/setup.zsh'
