[0.190s] DEBUG:colcon:Command line arguments: ['/usr/bin/colcon', 'build', '--symlink-install']
[0.190s] DEBUG:colcon:Parsed command line arguments: Namespace(log_base=None, log_level=None, verb_name='build', build_base='build', install_base='install', merge_install=False, symlink_install=True, test_result_base=None, continue_on_error=False, executor='parallel', parallel_workers=12, event_handlers=None, ignore_user_meta=False, metas=['./colcon.meta'], base_paths=['.'], packages_ignore=None, packages_ignore_regex=None, paths=None, packages_up_to=None, packages_up_to_regex=None, packages_above=None, packages_above_and_dependencies=None, packages_above_depth=None, packages_select_by_dep=None, packages_skip_by_dep=None, packages_skip_up_to=None, packages_select_build_failed=False, packages_skip_build_finished=False, packages_select_test_failures=False, packages_skip_test_passed=False, packages_select=None, packages_skip=None, packages_select_regex=None, packages_skip_regex=None, packages_start=None, packages_end=None, allow_overriding=[], cmake_args=None, cmake_target=None, cmake_target_skip_unavailable=False, cmake_clean_cache=False, cmake_clean_first=False, cmake_force_configure=False, ament_cmake_args=None, catkin_cmake_args=None, catkin_skip_building_tests=False, verb_parser=<colcon_defaults.argument_parser.defaults.DefaultArgumentsDecorator object at 0x7aa23edc7f70>, verb_extension=<colcon_core.verb.build.BuildVerb object at 0x7aa23efd0d60>, main=<bound method BuildVerb.main of <colcon_core.verb.build.BuildVerb object at 0x7aa23efd0d60>>)
[0.515s] Level 1:colcon.colcon_core.package_discovery:discover_packages(colcon_meta) check parameters
[0.515s] Level 1:colcon.colcon_core.package_discovery:discover_packages(recursive) check parameters
[0.515s] Level 1:colcon.colcon_core.package_discovery:discover_packages(ignore) check parameters
[0.515s] Level 1:colcon.colcon_core.package_discovery:discover_packages(path) check parameters
[0.515s] Level 1:colcon.colcon_core.package_discovery:discover_packages(colcon_meta) discover
[0.516s] Level 1:colcon.colcon_core.package_discovery:discover_packages(recursive) discover
[0.516s] INFO:colcon.colcon_core.package_discovery:Crawling recursively for packages in '/home/jonathanb/ros_cart'
[0.516s] Level 1:colcon.colcon_core.package_identification:_identify(.) by extensions ['ignore', 'ignore_ament_install']
[0.516s] Level 1:colcon.colcon_core.package_identification:_identify(.) by extension 'ignore'
[0.516s] Level 1:colcon.colcon_core.package_identification:_identify(.) by extension 'ignore_ament_install'
[0.516s] Level 1:colcon.colcon_core.package_identification:_identify(.) by extensions ['colcon_pkg']
[0.516s] Level 1:colcon.colcon_core.package_identification:_identify(.) by extension 'colcon_pkg'
[0.516s] Level 1:colcon.colcon_core.package_identification:_identify(.) by extensions ['colcon_meta']
[0.516s] Level 1:colcon.colcon_core.package_identification:_identify(.) by extension 'colcon_meta'
[0.516s] Level 1:colcon.colcon_core.package_identification:_identify(.) by extensions ['ros']
[0.516s] Level 1:colcon.colcon_core.package_identification:_identify(.) by extension 'ros'
[0.524s] Level 1:colcon.colcon_core.package_identification:_identify(.) by extensions ['cmake', 'python']
[0.525s] Level 1:colcon.colcon_core.package_identification:_identify(.) by extension 'cmake'
[0.525s] Level 1:colcon.colcon_core.package_identification:_identify(.) by extension 'python'
[0.525s] Level 1:colcon.colcon_core.package_identification:_identify(.) by extensions ['python_setup_py']
[0.525s] Level 1:colcon.colcon_core.package_identification:_identify(.) by extension 'python_setup_py'
[0.525s] Level 1:colcon.colcon_core.package_identification:_identify(build) by extensions ['ignore', 'ignore_ament_install']
[0.525s] Level 1:colcon.colcon_core.package_identification:_identify(build) by extension 'ignore'
[0.525s] Level 1:colcon.colcon_core.package_identification:_identify(build) ignored
[0.525s] Level 1:colcon.colcon_core.package_identification:_identify(install) by extensions ['ignore', 'ignore_ament_install']
[0.525s] Level 1:colcon.colcon_core.package_identification:_identify(install) by extension 'ignore'
[0.525s] Level 1:colcon.colcon_core.package_identification:_identify(install) ignored
[0.525s] Level 1:colcon.colcon_core.package_identification:_identify(log) by extensions ['ignore', 'ignore_ament_install']
[0.525s] Level 1:colcon.colcon_core.package_identification:_identify(log) by extension 'ignore'
[0.525s] Level 1:colcon.colcon_core.package_identification:_identify(log) ignored
[0.526s] Level 1:colcon.colcon_core.package_identification:_identify(src) by extensions ['ignore', 'ignore_ament_install']
[0.526s] Level 1:colcon.colcon_core.package_identification:_identify(src) by extension 'ignore'
[0.526s] Level 1:colcon.colcon_core.package_identification:_identify(src) by extension 'ignore_ament_install'
[0.526s] Level 1:colcon.colcon_core.package_identification:_identify(src) by extensions ['colcon_pkg']
[0.526s] Level 1:colcon.colcon_core.package_identification:_identify(src) by extension 'colcon_pkg'
[0.526s] Level 1:colcon.colcon_core.package_identification:_identify(src) by extensions ['colcon_meta']
[0.526s] Level 1:colcon.colcon_core.package_identification:_identify(src) by extension 'colcon_meta'
[0.526s] Level 1:colcon.colcon_core.package_identification:_identify(src) by extensions ['ros']
[0.526s] Level 1:colcon.colcon_core.package_identification:_identify(src) by extension 'ros'
[0.526s] Level 1:colcon.colcon_core.package_identification:_identify(src) by extensions ['cmake', 'python']
[0.526s] Level 1:colcon.colcon_core.package_identification:_identify(src) by extension 'cmake'
[0.526s] Level 1:colcon.colcon_core.package_identification:_identify(src) by extension 'python'
[0.526s] Level 1:colcon.colcon_core.package_identification:_identify(src) by extensions ['python_setup_py']
[0.526s] Level 1:colcon.colcon_core.package_identification:_identify(src) by extension 'python_setup_py'
[0.526s] Level 1:colcon.colcon_core.package_identification:_identify(src/mediapipe_cam) by extensions ['ignore', 'ignore_ament_install']
[0.526s] Level 1:colcon.colcon_core.package_identification:_identify(src/mediapipe_cam) by extension 'ignore'
[0.526s] Level 1:colcon.colcon_core.package_identification:_identify(src/mediapipe_cam) by extension 'ignore_ament_install'
[0.527s] Level 1:colcon.colcon_core.package_identification:_identify(src/mediapipe_cam) by extensions ['colcon_pkg']
[0.527s] Level 1:colcon.colcon_core.package_identification:_identify(src/mediapipe_cam) by extension 'colcon_pkg'
[0.527s] Level 1:colcon.colcon_core.package_identification:_identify(src/mediapipe_cam) by extensions ['colcon_meta']
[0.527s] Level 1:colcon.colcon_core.package_identification:_identify(src/mediapipe_cam) by extension 'colcon_meta'
[0.527s] Level 1:colcon.colcon_core.package_identification:_identify(src/mediapipe_cam) by extensions ['ros']
[0.527s] Level 1:colcon.colcon_core.package_identification:_identify(src/mediapipe_cam) by extension 'ros'
[0.529s] DEBUG:colcon.colcon_core.package_identification:Package 'src/mediapipe_cam' with type 'ros.ament_python' and name 'mediapipe_cam'
[0.529s] Level 1:colcon.colcon_core.package_identification:_identify(src/mediapipe_pose_ros2) by extensions ['ignore', 'ignore_ament_install']
[0.529s] Level 1:colcon.colcon_core.package_identification:_identify(src/mediapipe_pose_ros2) by extension 'ignore'
[0.529s] Level 1:colcon.colcon_core.package_identification:_identify(src/mediapipe_pose_ros2) by extension 'ignore_ament_install'
[0.530s] Level 1:colcon.colcon_core.package_identification:_identify(src/mediapipe_pose_ros2) by extensions ['colcon_pkg']
[0.530s] Level 1:colcon.colcon_core.package_identification:_identify(src/mediapipe_pose_ros2) by extension 'colcon_pkg'
[0.530s] Level 1:colcon.colcon_core.package_identification:_identify(src/mediapipe_pose_ros2) by extensions ['colcon_meta']
[0.530s] Level 1:colcon.colcon_core.package_identification:_identify(src/mediapipe_pose_ros2) by extension 'colcon_meta'
[0.530s] Level 1:colcon.colcon_core.package_identification:_identify(src/mediapipe_pose_ros2) by extensions ['ros']
[0.530s] Level 1:colcon.colcon_core.package_identification:_identify(src/mediapipe_pose_ros2) by extension 'ros'
[0.531s] DEBUG:colcon.colcon_core.package_identification:Package 'src/mediapipe_pose_ros2' with type 'ros.ament_python' and name 'mediapipe_pose_ros2'
[0.531s] Level 1:colcon.colcon_core.package_discovery:discover_packages(recursive) using defaults
[0.531s] Level 1:colcon.colcon_core.package_discovery:discover_packages(ignore) discover
[0.531s] Level 1:colcon.colcon_core.package_discovery:discover_packages(ignore) using defaults
[0.531s] Level 1:colcon.colcon_core.package_discovery:discover_packages(path) discover
[0.531s] Level 1:colcon.colcon_core.package_discovery:discover_packages(path) using defaults
[0.554s] Level 1:colcon.colcon_core.package_discovery:discover_packages(prefix_path) check parameters
[0.554s] Level 1:colcon.colcon_core.package_discovery:discover_packages(prefix_path) discover
[0.557s] DEBUG:colcon.colcon_installed_package_information.package_discovery:Found 1 installed packages in /home/jonathanb/ros_cart/install
[0.559s] DEBUG:colcon.colcon_installed_package_information.package_discovery:Found 339 installed packages in /opt/ros/humble
[0.567s] Level 1:colcon.colcon_core.package_discovery:discover_packages(prefix_path) using defaults
[0.651s] Level 5:colcon.colcon_core.verb:set package 'mediapipe_cam' build argument 'cmake_args' from command line to 'None'
[0.651s] Level 5:colcon.colcon_core.verb:set package 'mediapipe_cam' build argument 'cmake_target' from command line to 'None'
[0.651s] Level 5:colcon.colcon_core.verb:set package 'mediapipe_cam' build argument 'cmake_target_skip_unavailable' from command line to 'False'
[0.651s] Level 5:colcon.colcon_core.verb:set package 'mediapipe_cam' build argument 'cmake_clean_cache' from command line to 'False'
[0.651s] Level 5:colcon.colcon_core.verb:set package 'mediapipe_cam' build argument 'cmake_clean_first' from command line to 'False'
[0.651s] Level 5:colcon.colcon_core.verb:set package 'mediapipe_cam' build argument 'cmake_force_configure' from command line to 'False'
[0.651s] Level 5:colcon.colcon_core.verb:set package 'mediapipe_cam' build argument 'ament_cmake_args' from command line to 'None'
[0.651s] Level 5:colcon.colcon_core.verb:set package 'mediapipe_cam' build argument 'catkin_cmake_args' from command line to 'None'
[0.651s] Level 5:colcon.colcon_core.verb:set package 'mediapipe_cam' build argument 'catkin_skip_building_tests' from command line to 'False'
[0.651s] DEBUG:colcon.colcon_core.verb:Building package 'mediapipe_cam' with the following arguments: {'ament_cmake_args': None, 'build_base': '/home/jonathanb/ros_cart/build/mediapipe_cam', 'catkin_cmake_args': None, 'catkin_skip_building_tests': False, 'cmake_args': None, 'cmake_clean_cache': False, 'cmake_clean_first': False, 'cmake_force_configure': False, 'cmake_target': None, 'cmake_target_skip_unavailable': False, 'install_base': '/home/jonathanb/ros_cart/install/mediapipe_cam', 'merge_install': False, 'path': '/home/jonathanb/ros_cart/src/mediapipe_cam', 'symlink_install': True, 'test_result_base': None}
[0.651s] Level 5:colcon.colcon_core.verb:set package 'mediapipe_pose_ros2' build argument 'cmake_args' from command line to 'None'
[0.651s] Level 5:colcon.colcon_core.verb:set package 'mediapipe_pose_ros2' build argument 'cmake_target' from command line to 'None'
[0.652s] Level 5:colcon.colcon_core.verb:set package 'mediapipe_pose_ros2' build argument 'cmake_target_skip_unavailable' from command line to 'False'
[0.652s] Level 5:colcon.colcon_core.verb:set package 'mediapipe_pose_ros2' build argument 'cmake_clean_cache' from command line to 'False'
[0.652s] Level 5:colcon.colcon_core.verb:set package 'mediapipe_pose_ros2' build argument 'cmake_clean_first' from command line to 'False'
[0.652s] Level 5:colcon.colcon_core.verb:set package 'mediapipe_pose_ros2' build argument 'cmake_force_configure' from command line to 'False'
[0.652s] Level 5:colcon.colcon_core.verb:set package 'mediapipe_pose_ros2' build argument 'ament_cmake_args' from command line to 'None'
[0.652s] Level 5:colcon.colcon_core.verb:set package 'mediapipe_pose_ros2' build argument 'catkin_cmake_args' from command line to 'None'
[0.652s] Level 5:colcon.colcon_core.verb:set package 'mediapipe_pose_ros2' build argument 'catkin_skip_building_tests' from command line to 'False'
[0.652s] DEBUG:colcon.colcon_core.verb:Building package 'mediapipe_pose_ros2' with the following arguments: {'ament_cmake_args': None, 'build_base': '/home/jonathanb/ros_cart/build/mediapipe_pose_ros2', 'catkin_cmake_args': None, 'catkin_skip_building_tests': False, 'cmake_args': None, 'cmake_clean_cache': False, 'cmake_clean_first': False, 'cmake_force_configure': False, 'cmake_target': None, 'cmake_target_skip_unavailable': False, 'install_base': '/home/jonathanb/ros_cart/install/mediapipe_pose_ros2', 'merge_install': False, 'path': '/home/jonathanb/ros_cart/src/mediapipe_pose_ros2', 'symlink_install': True, 'test_result_base': None}
[0.652s] INFO:colcon.colcon_core.executor:Executing jobs using 'parallel' executor
[0.652s] DEBUG:colcon.colcon_parallel_executor.executor.parallel:run_until_complete
[0.653s] INFO:colcon.colcon_ros.task.ament_python.build:Building ROS package in '/home/jonathanb/ros_cart/src/mediapipe_cam' with build type 'ament_python'
[0.653s] Level 1:colcon.colcon_core.shell:create_environment_hook('mediapipe_cam', 'ament_prefix_path')
[0.657s] INFO:colcon.colcon_core.plugin_system:Skipping extension 'colcon_core.shell.bat': Not used on non-Windows systems
[0.657s] INFO:colcon.colcon_core.shell:Creating environment hook '/home/jonathanb/ros_cart/install/mediapipe_cam/share/mediapipe_cam/hook/ament_prefix_path.ps1'
[0.660s] INFO:colcon.colcon_core.shell:Creating environment descriptor '/home/jonathanb/ros_cart/install/mediapipe_cam/share/mediapipe_cam/hook/ament_prefix_path.dsv'
[0.660s] INFO:colcon.colcon_core.shell:Creating environment hook '/home/jonathanb/ros_cart/install/mediapipe_cam/share/mediapipe_cam/hook/ament_prefix_path.sh'
[0.662s] INFO:colcon.colcon_core.shell:Skip shell extension 'powershell' for command environment: Not usable outside of PowerShell
[0.662s] DEBUG:colcon.colcon_core.shell:Skip shell extension 'dsv' for command environment
[0.666s] INFO:colcon.colcon_ros.task.ament_python.build:Building ROS package in '/home/jonathanb/ros_cart/src/mediapipe_pose_ros2' with build type 'ament_python'
[0.667s] Level 1:colcon.colcon_core.shell:create_environment_hook('mediapipe_pose_ros2', 'ament_prefix_path')
[0.667s] INFO:colcon.colcon_core.shell:Creating environment hook '/home/jonathanb/ros_cart/install/mediapipe_pose_ros2/share/mediapipe_pose_ros2/hook/ament_prefix_path.ps1'
[0.668s] INFO:colcon.colcon_core.shell:Creating environment descriptor '/home/jonathanb/ros_cart/install/mediapipe_pose_ros2/share/mediapipe_pose_ros2/hook/ament_prefix_path.dsv'
[0.669s] INFO:colcon.colcon_core.shell:Creating environment hook '/home/jonathanb/ros_cart/install/mediapipe_pose_ros2/share/mediapipe_pose_ros2/hook/ament_prefix_path.sh'
[0.670s] INFO:colcon.colcon_core.shell:Skip shell extension 'powershell' for command environment: Not usable outside of PowerShell
[0.670s] DEBUG:colcon.colcon_core.shell:Skip shell extension 'dsv' for command environment
[0.935s] WARNING:colcon.colcon_ros.task.ament_python.build:Package 'mediapipe_cam' doesn't explicitly install a marker in the package index (colcon-ros currently does it implicitly but that fallback will be removed in the future)
[0.936s] INFO:colcon.colcon_core.task.python.build:Building Python package in '/home/jonathanb/ros_cart/src/mediapipe_cam'
[0.936s] INFO:colcon.colcon_core.shell:Skip shell extension 'powershell' for command environment: Not usable outside of PowerShell
[0.936s] DEBUG:colcon.colcon_core.shell:Skip shell extension 'dsv' for command environment
[1.176s] WARNING:colcon.colcon_ros.task.ament_python.build:Package 'mediapipe_pose_ros2' doesn't explicitly install a marker in the package index (colcon-ros currently does it implicitly but that fallback will be removed in the future)
[1.176s] WARNING:colcon.colcon_ros.task.ament_python.build:Package 'mediapipe_pose_ros2' doesn't explicitly install the 'package.xml' file (colcon-ros currently does it implicitly but that fallback will be removed in the future)
[1.176s] INFO:colcon.colcon_core.task.python.build:Building Python package in '/home/jonathanb/ros_cart/src/mediapipe_pose_ros2'
[1.176s] INFO:colcon.colcon_core.shell:Skip shell extension 'powershell' for command environment: Not usable outside of PowerShell
[1.176s] DEBUG:colcon.colcon_core.shell:Skip shell extension 'dsv' for command environment
[1.645s] DEBUG:colcon.colcon_core.task.python.build:While undoing a previous installation files outside the Python library path are being ignored: /home/jonathanb/ros_cart/install/mediapipe_pose_ros2/share/ament_index/resource_index/packages/mediapipe_pose_ros2
[1.645s] DEBUG:colcon.colcon_core.task.python.build:While undoing a previous installation files outside the Python library path are being ignored: /home/jonathanb/ros_cart/install/mediapipe_pose_ros2/share/mediapipe_pose_ros2/package.xml
[1.645s] DEBUG:colcon.colcon_core.task.python.build:While undoing a previous installation files outside the Python library path are being ignored: /home/jonathanb/ros_cart/install/mediapipe_pose_ros2/lib/mediapipe_pose_ros2/pose_node
[1.648s] DEBUG:colcon.colcon_core.event_handler.log_command:Invoking command in '/home/jonathanb/ros_cart/build/mediapipe_pose_ros2': PYTHONPATH=/home/jonathanb/ros_cart/build/mediapipe_pose_ros2/prefix_override:/usr/lib/python3/dist-packages/colcon_core/task/python/colcon_distutils_commands:/home/jonathanb/ros_cart/install/mediapipe_pose_ros2/lib/python3.10/site-packages:${PYTHONPATH} /usr/bin/python3 -W ignore:setup.py install is deprecated -W ignore:easy_install command is deprecated setup.py develop --editable --build-directory /home/jonathanb/ros_cart/build/mediapipe_pose_ros2/build --no-deps
[1.653s] DEBUG:colcon.colcon_core.event_handler.log_command:Invoking command in '/home/jonathanb/ros_cart/build/mediapipe_cam': PYTHONPATH=/home/jonathanb/ros_cart/build/mediapipe_cam/prefix_override:/usr/lib/python3/dist-packages/colcon_core/task/python/colcon_distutils_commands:/home/jonathanb/ros_cart/install/mediapipe_cam/lib/python3.10/site-packages:${PYTHONPATH} /usr/bin/python3 -W ignore:setup.py install is deprecated -W ignore:easy_install command is deprecated setup.py develop --editable --build-directory /home/jonathanb/ros_cart/build/mediapipe_cam/build --no-deps symlink_data
[2.044s] Level 1:colcon.colcon_core.shell:create_environment_hook('mediapipe_pose_ros2', 'pythonpath_develop')
[2.045s] INFO:colcon.colcon_core.shell:Creating environment hook '/home/jonathanb/ros_cart/build/mediapipe_pose_ros2/share/mediapipe_pose_ros2/hook/pythonpath_develop.ps1'
[2.046s] DEBUG:colcon.colcon_core.event_handler.log_command:Invoked command in '/home/jonathanb/ros_cart/build/mediapipe_pose_ros2' returned '0': PYTHONPATH=/home/jonathanb/ros_cart/build/mediapipe_pose_ros2/prefix_override:/usr/lib/python3/dist-packages/colcon_core/task/python/colcon_distutils_commands:/home/jonathanb/ros_cart/install/mediapipe_pose_ros2/lib/python3.10/site-packages:${PYTHONPATH} /usr/bin/python3 -W ignore:setup.py install is deprecated -W ignore:easy_install command is deprecated setup.py develop --editable --build-directory /home/jonathanb/ros_cart/build/mediapipe_pose_ros2/build --no-deps
[2.046s] INFO:colcon.colcon_core.shell:Creating environment descriptor '/home/jonathanb/ros_cart/build/mediapipe_pose_ros2/share/mediapipe_pose_ros2/hook/pythonpath_develop.dsv'
[2.048s] INFO:colcon.colcon_core.shell:Creating environment hook '/home/jonathanb/ros_cart/build/mediapipe_pose_ros2/share/mediapipe_pose_ros2/hook/pythonpath_develop.sh'
[2.055s] Level 1:colcon.colcon_core.environment:checking '/home/jonathanb/ros_cart/install/mediapipe_pose_ros2' for CMake module files
[2.055s] Level 1:colcon.colcon_core.environment:checking '/home/jonathanb/ros_cart/install/mediapipe_pose_ros2' for CMake config files
[2.056s] Level 1:colcon.colcon_core.environment:checking '/home/jonathanb/ros_cart/install/mediapipe_pose_ros2/lib'
[2.056s] Level 1:colcon.colcon_core.environment:checking '/home/jonathanb/ros_cart/install/mediapipe_pose_ros2/bin'
[2.056s] Level 1:colcon.colcon_core.environment:checking '/home/jonathanb/ros_cart/install/mediapipe_pose_ros2/lib/pkgconfig/mediapipe_pose_ros2.pc'
[2.057s] Level 1:colcon.colcon_core.environment:checking '/home/jonathanb/ros_cart/install/mediapipe_pose_ros2/lib/python3.10/site-packages'
[2.057s] Level 1:colcon.colcon_core.shell:create_environment_hook('mediapipe_pose_ros2', 'pythonpath')
[2.057s] INFO:colcon.colcon_core.shell:Creating environment hook '/home/jonathanb/ros_cart/install/mediapipe_pose_ros2/share/mediapipe_pose_ros2/hook/pythonpath.ps1'
[2.057s] INFO:colcon.colcon_core.shell:Creating environment descriptor '/home/jonathanb/ros_cart/install/mediapipe_pose_ros2/share/mediapipe_pose_ros2/hook/pythonpath.dsv'
[2.058s] INFO:colcon.colcon_core.shell:Creating environment hook '/home/jonathanb/ros_cart/install/mediapipe_pose_ros2/share/mediapipe_pose_ros2/hook/pythonpath.sh'
[2.058s] Level 1:colcon.colcon_core.environment:checking '/home/jonathanb/ros_cart/install/mediapipe_pose_ros2/bin'
[2.058s] Level 1:colcon.colcon_core.environment:create_environment_scripts_only(mediapipe_pose_ros2)
[2.059s] INFO:colcon.colcon_core.shell:Creating package script '/home/jonathanb/ros_cart/install/mediapipe_pose_ros2/share/mediapipe_pose_ros2/package.ps1'
[2.060s] INFO:colcon.colcon_core.shell:Creating package descriptor '/home/jonathanb/ros_cart/install/mediapipe_pose_ros2/share/mediapipe_pose_ros2/package.dsv'
[2.060s] INFO:colcon.colcon_core.shell:Creating package script '/home/jonathanb/ros_cart/install/mediapipe_pose_ros2/share/mediapipe_pose_ros2/package.sh'
[2.061s] INFO:colcon.colcon_core.shell:Creating package script '/home/jonathanb/ros_cart/install/mediapipe_pose_ros2/share/mediapipe_pose_ros2/package.bash'
[2.062s] INFO:colcon.colcon_core.shell:Creating package script '/home/jonathanb/ros_cart/install/mediapipe_pose_ros2/share/mediapipe_pose_ros2/package.zsh'
[2.063s] Level 1:colcon.colcon_core.environment:create_file_with_runtime_dependencies(/home/jonathanb/ros_cart/install/mediapipe_pose_ros2/share/colcon-core/packages/mediapipe_pose_ros2)
[2.070s] Level 1:colcon.colcon_core.shell:create_environment_hook('mediapipe_cam', 'pythonpath_develop')
[2.070s] INFO:colcon.colcon_core.shell:Creating environment hook '/home/jonathanb/ros_cart/build/mediapipe_cam/share/mediapipe_cam/hook/pythonpath_develop.ps1'
[2.070s] DEBUG:colcon.colcon_core.event_handler.log_command:Invoked command in '/home/jonathanb/ros_cart/build/mediapipe_cam' returned '0': PYTHONPATH=/home/jonathanb/ros_cart/build/mediapipe_cam/prefix_override:/usr/lib/python3/dist-packages/colcon_core/task/python/colcon_distutils_commands:/home/jonathanb/ros_cart/install/mediapipe_cam/lib/python3.10/site-packages:${PYTHONPATH} /usr/bin/python3 -W ignore:setup.py install is deprecated -W ignore:easy_install command is deprecated setup.py develop --editable --build-directory /home/jonathanb/ros_cart/build/mediapipe_cam/build --no-deps symlink_data
[2.072s] INFO:colcon.colcon_core.shell:Creating environment descriptor '/home/jonathanb/ros_cart/build/mediapipe_cam/share/mediapipe_cam/hook/pythonpath_develop.dsv'
[2.072s] INFO:colcon.colcon_core.shell:Creating environment hook '/home/jonathanb/ros_cart/build/mediapipe_cam/share/mediapipe_cam/hook/pythonpath_develop.sh'
[2.073s] Level 1:colcon.colcon_core.environment:checking '/home/jonathanb/ros_cart/install/mediapipe_cam' for CMake module files
[2.073s] Level 1:colcon.colcon_core.environment:checking '/home/jonathanb/ros_cart/install/mediapipe_cam' for CMake config files
[2.073s] Level 1:colcon.colcon_core.environment:checking '/home/jonathanb/ros_cart/install/mediapipe_cam/lib'
[2.074s] Level 1:colcon.colcon_core.environment:checking '/home/jonathanb/ros_cart/install/mediapipe_cam/bin'
[2.074s] Level 1:colcon.colcon_core.environment:checking '/home/jonathanb/ros_cart/install/mediapipe_cam/lib/pkgconfig/mediapipe_cam.pc'
[2.074s] Level 1:colcon.colcon_core.environment:checking '/home/jonathanb/ros_cart/install/mediapipe_cam/lib/python3.10/site-packages'
[2.074s] Level 1:colcon.colcon_core.shell:create_environment_hook('mediapipe_cam', 'pythonpath')
[2.074s] INFO:colcon.colcon_core.shell:Creating environment hook '/home/jonathanb/ros_cart/install/mediapipe_cam/share/mediapipe_cam/hook/pythonpath.ps1'
[2.075s] INFO:colcon.colcon_core.shell:Creating environment descriptor '/home/jonathanb/ros_cart/install/mediapipe_cam/share/mediapipe_cam/hook/pythonpath.dsv'
[2.075s] INFO:colcon.colcon_core.shell:Creating environment hook '/home/jonathanb/ros_cart/install/mediapipe_cam/share/mediapipe_cam/hook/pythonpath.sh'
[2.075s] Level 1:colcon.colcon_core.environment:checking '/home/jonathanb/ros_cart/install/mediapipe_cam/bin'
[2.075s] Level 1:colcon.colcon_core.environment:create_environment_scripts_only(mediapipe_cam)
[2.076s] INFO:colcon.colcon_core.shell:Creating package script '/home/jonathanb/ros_cart/install/mediapipe_cam/share/mediapipe_cam/package.ps1'
[2.076s] INFO:colcon.colcon_core.shell:Creating package descriptor '/home/jonathanb/ros_cart/install/mediapipe_cam/share/mediapipe_cam/package.dsv'
[2.077s] INFO:colcon.colcon_core.shell:Creating package script '/home/jonathanb/ros_cart/install/mediapipe_cam/share/mediapipe_cam/package.sh'
[2.077s] INFO:colcon.colcon_core.shell:Creating package script '/home/jonathanb/ros_cart/install/mediapipe_cam/share/mediapipe_cam/package.bash'
[2.077s] INFO:colcon.colcon_core.shell:Creating package script '/home/jonathanb/ros_cart/install/mediapipe_cam/share/mediapipe_cam/package.zsh'
[2.078s] Level 1:colcon.colcon_core.environment:create_file_with_runtime_dependencies(/home/jonathanb/ros_cart/install/mediapipe_cam/share/colcon-core/packages/mediapipe_cam)
[2.078s] DEBUG:colcon.colcon_parallel_executor.executor.parallel:closing loop
[2.079s] DEBUG:colcon.colcon_parallel_executor.executor.parallel:loop closed
[2.079s] DEBUG:colcon.colcon_parallel_executor.executor.parallel:run_until_complete finished with '0'
[2.080s] DEBUG:colcon.colcon_core.event_reactor:joining thread
[2.119s] INFO:colcon.colcon_core.plugin_system:Skipping extension 'colcon_notification.desktop_notification.notify_send': Could not find 'notify-send'
[2.119s] INFO:colcon.colcon_core.plugin_system:Skipping extension 'colcon_notification.desktop_notification.terminal_notifier': Not used on non-Darwin systems
[2.119s] INFO:colcon.colcon_core.plugin_system:Skipping extension 'colcon_notification.desktop_notification.win32': Not used on non-Windows systems
[2.119s] INFO:colcon.colcon_notification.desktop_notification:Sending desktop notification using 'notify2'
[2.119s] DEBUG:colcon.colcon_notification.desktop_notification.notify2:Failed to initialize notify2: org.freedesktop.DBus.Error.FileNotFound: Failed to connect to socket /run/user/1000/bus: No such file or directory
[2.119s] DEBUG:colcon.colcon_core.event_reactor:joined thread
[2.120s] INFO:colcon.colcon_core.shell:Creating prefix script '/home/jonathanb/ros_cart/install/local_setup.ps1'
[2.121s] INFO:colcon.colcon_core.shell:Creating prefix util module '/home/jonathanb/ros_cart/install/_local_setup_util_ps1.py'
[2.122s] INFO:colcon.colcon_core.shell:Creating prefix chain script '/home/jonathanb/ros_cart/install/setup.ps1'
[2.123s] INFO:colcon.colcon_core.shell:Creating prefix script '/home/jonathanb/ros_cart/install/local_setup.sh'
[2.124s] INFO:colcon.colcon_core.shell:Creating prefix util module '/home/jonathanb/ros_cart/install/_local_setup_util_sh.py'
[2.124s] INFO:colcon.colcon_core.shell:Creating prefix chain script '/home/jonathanb/ros_cart/install/setup.sh'
[2.125s] INFO:colcon.colcon_core.shell:Creating prefix script '/home/jonathanb/ros_cart/install/local_setup.bash'
[2.126s] INFO:colcon.colcon_core.shell:Creating prefix chain script '/home/jonathanb/ros_cart/install/setup.bash'
[2.126s] INFO:colcon.colcon_core.shell:Creating prefix script '/home/jonathanb/ros_cart/install/local_setup.zsh'
[2.127s] INFO:colcon.colcon_core.shell:Creating prefix chain script '/home/jonathanb/ros_cart/install/setup.zsh'
